[2023-05-02 11:50:22] winston info: Express Server running.
[2023-05-02 11:50:22] winston info: Express Server running on PORT 3000
[2023-05-02 11:52:08] winston info: Request to get scrapper stats.
[2023-05-02 11:52:08] winston info: Request to get scraped data.
[2023-05-02 11:52:18] winston info: Request to get scrapper stats.
[2023-05-02 11:52:23] winston info: Request to start scrape for keywords: "nvidia gpu 3060" and Target Price: $5000.
[2023-05-02 11:52:23] winston info: Scrapper started with keywords: "nvidia gpu 3060" and Target Price: $5000.
[2023-05-02 11:52:23] winston info: Creating scrapper.
[2023-05-02 11:52:23] winston info: Successfully created scrapper.
[2023-05-02 11:52:28] winston info: Request to get scrapper stats.
[2023-05-02 11:52:28] winston info: Scrapper status:
[2023-05-02 11:52:28] winston info: 
	status: Scrapper is running.,
	startTime: Tue May 02 2023 11:52:23 GMT+0530 (India Standard Time),
	keywords: nvidia gpu 3060,
	targetPrice: $5000
[2023-05-02 11:52:37] winston info: Scrapper exited with code 0 and signal null.
[2023-05-02 11:52:37] winston info: Scrapper finished for "nvidia gpu 3060" with Target Price $5000 and execution time of 13.659 seconds.
[2023-05-02 11:52:37] winston info: Retrieved 114 products from CSV.
[2023-05-02 11:52:37] winston info: Waiting for 0 seconds for next scrapping.
[2023-05-02 11:52:37] winston info: Creating scrapper.
[2023-05-02 11:52:37] winston info: Successfully created scrapper.
[2023-05-02 11:52:39] winston info: Request to get scrapper stats.
[2023-05-02 11:52:39] winston info: Scrapper status:
[2023-05-02 11:52:39] winston info: 
	status: Scrapper is running.,
	startTime: Tue May 02 2023 11:52:23 GMT+0530 (India Standard Time),
	keywords: nvidia gpu 3060,
	targetPrice: $5000
[2023-05-02 11:52:43] winston info: Scrapper exited with code 0 and signal null.
[2023-05-02 11:52:43] winston info: Scrapper finished for "nvidia gpu 3060" with Target Price $5000 and execution time of 20.028 seconds.
[2023-05-02 11:52:43] winston info: Retrieved 116 products from CSV.
[2023-05-02 11:52:43] winston info: Writing 8 to ./newItems.csv.
[2023-05-02 11:52:43] winston info: New Items found: 7.
[2023-05-02 11:52:43] winston info: Waiting for 3.625 seconds for next scrapping.
[2023-05-02 12:03:26] winston info: Express Server running.
[2023-05-02 12:03:26] winston info: Express Server running on PORT 3000
[2023-05-02 12:09:22] winston info: Express Server running.
[2023-05-02 12:09:22] winston info: Express Server running on PORT 3000
[2023-05-02 12:09:24] winston info: Request to get scrapper stats.
[2023-05-02 12:09:31] winston info: Request to get scrapper stats.
[2023-05-02 12:09:31] winston info: Request to get scraped data.
[2023-05-02 12:09:41] winston info: Request to get scrapper stats.
[2023-05-02 12:09:41] winston info: Request to start scrape for keywords: "nvidia gpu 3060" and Target Price: $5000.
[2023-05-02 12:09:41] winston info: Scrapper started with keywords: "nvidia gpu 3060" and Target Price: $5000.
[2023-05-02 12:09:41] winston info: Creating scrapper.
[2023-05-02 12:09:41] winston info: Successfully created scrapper.
[2023-05-02 12:09:48] winston info: Scrapper exited with code 0 and signal null.
[2023-05-02 12:09:48] winston info: Scrapper finished for "nvidia gpu 3060" with Target Price $5000 and execution time of 6.855 seconds.
[2023-05-02 12:09:48] winston info: Retrieved 117 products from CSV.
[2023-05-02 12:09:48] winston info: Waiting for 3.142 seconds for next scrapping.
[2023-05-02 12:09:51] winston info: Request to get scrapper stats.
[2023-05-02 12:09:51] winston info: Scrapper status:
[2023-05-02 12:09:51] winston info: 
	status: Scrapper is running.,
	startTime: Tue May 02 2023 12:09:41 GMT+0530 (India Standard Time),
	keywords: nvidia gpu 3060,
	targetPrice: $5000
[2023-05-02 12:09:51] winston info: Creating scrapper.
[2023-05-02 12:09:51] winston info: Successfully created scrapper.
[2023-05-02 12:09:56] winston info: Scrapper exited with code 0 and signal null.
[2023-05-02 12:09:56] winston info: Scrapper finished for "nvidia gpu 3060" with Target Price $5000 and execution time of 15.156 seconds.
[2023-05-02 12:09:56] winston info: Retrieved 114 products from CSV.
[2023-05-02 12:09:56] winston info: Writing 6 to ./newItems.csv.
[2023-05-02 12:09:56] winston info: New Items found: 5.
[2023-05-02 12:09:56] winston info: Waiting for 4.851 seconds for next scrapping.
[2023-05-02 12:09:59] winston info: Email sent from botuse14@gmail.com to toofanbehera8008@gmail.com, receiver2@email.com with response: 250 2.0.0 OK  1683009599 2-20020a621802000000b0063d24d5f9b6sm21071823pfy.210 - gsmtp.
[2023-05-02 12:10:01] winston info: Request to get scrapper stats.
[2023-05-02 12:10:01] winston info: Scrapper status:
[2023-05-02 12:10:01] winston info: 
	status: Scrapper is running.,
	startTime: Tue May 02 2023 12:09:41 GMT+0530 (India Standard Time),
	keywords: nvidia gpu 3060,
	targetPrice: $5000
[2023-05-02 12:10:01] winston info: Creating scrapper.
[2023-05-02 12:10:01] winston info: Successfully created scrapper.
[2023-05-02 12:10:09] winston info: Scrapper exited with code 0 and signal null.
[2023-05-02 12:10:09] winston info: Scrapper finished for "nvidia gpu 3060" with Target Price $5000 and execution time of 27.568 seconds.
[2023-05-02 12:10:09] winston info: Retrieved 115 products from CSV.
[2023-05-02 12:10:09] winston info: Writing 2 to ./newItems.csv.
[2023-05-02 12:10:09] winston info: New Items found: 1.
[2023-05-02 12:10:09] winston info: Waiting for 2.45 seconds for next scrapping.
[2023-05-02 12:10:11] winston info: Request to get scrapper stats.
[2023-05-02 12:10:11] winston info: Scrapper status:
[2023-05-02 12:10:11] winston info: 
	status: Scrapper is running.,
	startTime: Tue May 02 2023 12:09:41 GMT+0530 (India Standard Time),
	keywords: nvidia gpu 3060,
	targetPrice: $5000
[2023-05-02 12:10:11] winston info: Creating scrapper.
[2023-05-02 12:10:11] winston info: Successfully created scrapper.
[2023-05-02 12:10:12] winston info: Email sent from botuse14@gmail.com to toofanbehera8008@gmail.com, receiver2@email.com with response: 250 2.0.0 OK  1683009612 jd18-20020a170903261200b001a1d4a985eesm3760899plb.228 - gsmtp.
[2023-05-02 12:10:18] winston info: Scrapper exited with code 0 and signal null.
[2023-05-02 12:10:18] winston info: Scrapper finished for "nvidia gpu 3060" with Target Price $5000 and execution time of 36.272 seconds.
[2023-05-02 12:10:18] winston info: Retrieved 112 products from CSV.
[2023-05-02 12:10:18] winston info: Waiting for 3.757 seconds for next scrapping.
[2023-05-02 12:11:18] winston info: Express Server running.
[2023-05-02 12:11:18] winston info: Express Server running on PORT 3000
[2023-05-02 12:11:21] winston info: Request to get scrapper stats.
[2023-05-02 12:11:22] winston info: Request to start scrape for keywords: "nvidia gpu 3060" and Target Price: $5000.
[2023-05-02 12:11:22] winston info: Scrapper started with keywords: "nvidia gpu 3060" and Target Price: $5000.
[2023-05-02 12:11:22] winston info: Creating scrapper.
[2023-05-02 12:11:22] winston info: Successfully created scrapper.
[2023-05-02 12:11:28] winston info: Scrapper exited with code 0 and signal null.
[2023-05-02 12:11:28] winston info: Scrapper finished for "nvidia gpu 3060" with Target Price $5000 and execution time of 5.445 seconds.
[2023-05-02 12:11:28] winston info: Retrieved 108 products from CSV.
[2023-05-02 12:11:28] winston info: Waiting for 1794.551 seconds for next scrapping.
[2023-05-02 12:11:31] winston info: Request to get scrapper stats.
[2023-05-02 12:11:31] winston info: Scrapper status:
[2023-05-02 12:11:31] winston info: 
	status: Scrapper is running.,
	startTime: Tue May 02 2023 12:11:22 GMT+0530 (India Standard Time),
	keywords: nvidia gpu 3060,
	targetPrice: $5000
[2023-05-02 12:11:31] winston info: Request to get scraped data.
[2023-05-02 12:11:31] winston info: Retrieved 0 products.
[2023-05-02 12:11:41] winston info: Request to get scrapper stats.
[2023-05-02 12:11:41] winston info: Scrapper status:
[2023-05-02 12:11:41] winston info: 
	status: Scrapper is running.,
	startTime: Tue May 02 2023 12:11:22 GMT+0530 (India Standard Time),
	keywords: nvidia gpu 3060,
	targetPrice: $5000
[2023-05-02 12:11:51] winston info: Request to get scrapper stats.
[2023-05-02 12:11:51] winston info: Scrapper status:
[2023-05-02 12:11:51] winston info: 
	status: Scrapper is running.,
	startTime: Tue May 02 2023 12:11:22 GMT+0530 (India Standard Time),
	keywords: nvidia gpu 3060,
	targetPrice: $5000
[2023-05-02 12:12:01] winston info: Request to get scrapper stats.
[2023-05-02 12:12:01] winston info: Scrapper status:
[2023-05-02 12:12:01] winston info: 
	status: Scrapper is running.,
	startTime: Tue May 02 2023 12:11:22 GMT+0530 (India Standard Time),
	keywords: nvidia gpu 3060,
	targetPrice: $5000
[2023-05-02 12:12:11] winston info: Request to get scrapper stats.
[2023-05-02 12:12:11] winston info: Scrapper status:
[2023-05-02 12:12:11] winston info: 
	status: Scrapper is running.,
	startTime: Tue May 02 2023 12:11:22 GMT+0530 (India Standard Time),
	keywords: nvidia gpu 3060,
	targetPrice: $5000
[2023-05-02 12:12:17] winston info: Express Server running.
[2023-05-02 12:12:17] winston info: Express Server running on PORT 3000
[2023-05-02 12:12:19] winston info: Request to get scrapper stats.
[2023-05-02 12:12:19] winston info: Request to get scraped data.
[2023-05-02 12:12:26] winston info: Request to start scrape for keywords: "nvidia gpu 3060" and Target Price: $5000.
[2023-05-02 12:12:26] winston info: Scrapper started with keywords: "nvidia gpu 3060" and Target Price: $5000.
[2023-05-02 12:12:26] winston info: Creating scrapper.
[2023-05-02 12:12:26] winston info: Successfully created scrapper.
[2023-05-02 12:12:30] winston info: Request to get scrapper stats.
[2023-05-02 12:12:30] winston info: Scrapper status:
[2023-05-02 12:12:30] winston info: 
	status: Scrapper is running.,
	startTime: Tue May 02 2023 12:12:26 GMT+0530 (India Standard Time),
	keywords: nvidia gpu 3060,
	targetPrice: $5000
[2023-05-02 12:12:33] winston info: Scrapper exited with code 0 and signal null.
[2023-05-02 12:12:33] winston info: Scrapper finished for "nvidia gpu 3060" with Target Price $5000 and execution time of 6.792 seconds.
[2023-05-02 12:12:33] winston info: Retrieved 119 products from CSV.
[2023-05-02 12:12:33] winston info: Waiting for 1793.204 seconds for next scrapping.
[2023-05-02 12:12:40] winston info: Request to get scrapper stats.
[2023-05-02 12:12:40] winston info: Scrapper status:
[2023-05-02 12:12:40] winston info: 
	status: Scrapper is running.,
	startTime: Tue May 02 2023 12:12:26 GMT+0530 (India Standard Time),
	keywords: nvidia gpu 3060,
	targetPrice: $5000
[2023-05-02 12:12:50] winston info: Request to get scrapper stats.
[2023-05-02 12:12:50] winston info: Scrapper status:
[2023-05-02 12:12:50] winston info: 
	status: Scrapper is running.,
	startTime: Tue May 02 2023 12:12:26 GMT+0530 (India Standard Time),
	keywords: nvidia gpu 3060,
	targetPrice: $5000
[2023-05-02 12:13:00] winston info: Request to get scrapper stats.
[2023-05-02 12:13:00] winston info: Scrapper status:
[2023-05-02 12:13:00] winston info: 
	status: Scrapper is running.,
	startTime: Tue May 02 2023 12:12:26 GMT+0530 (India Standard Time),
	keywords: nvidia gpu 3060,
	targetPrice: $5000
[2023-05-02 12:13:10] winston info: Request to get scrapper stats.
[2023-05-02 12:13:10] winston info: Scrapper status:
[2023-05-02 12:13:10] winston info: 
	status: Scrapper is running.,
	startTime: Tue May 02 2023 12:12:26 GMT+0530 (India Standard Time),
	keywords: nvidia gpu 3060,
	targetPrice: $5000
[2023-05-02 12:13:20] winston info: Request to get scrapper stats.
[2023-05-02 12:13:20] winston info: Scrapper status:
[2023-05-02 12:13:20] winston info: 
	status: Scrapper is running.,
	startTime: Tue May 02 2023 12:12:26 GMT+0530 (India Standard Time),
	keywords: nvidia gpu 3060,
	targetPrice: $5000
[2023-05-02 12:13:20] winston info: Request to get scraped data.
[2023-05-02 12:13:20] winston info: Retrieved 0 products.
[2023-05-02 12:13:30] winston info: Request to get scrapper stats.
[2023-05-02 12:13:30] winston info: Scrapper status:
[2023-05-02 12:13:30] winston info: 
	status: Scrapper is running.,
	startTime: Tue May 02 2023 12:12:26 GMT+0530 (India Standard Time),
	keywords: nvidia gpu 3060,
	targetPrice: $5000
[2023-05-02 12:13:40] winston info: Request to get scrapper stats.
[2023-05-02 12:13:40] winston info: Scrapper status:
[2023-05-02 12:13:40] winston info: 
	status: Scrapper is running.,
	startTime: Tue May 02 2023 12:12:26 GMT+0530 (India Standard Time),
	keywords: nvidia gpu 3060,
	targetPrice: $5000
[2023-05-02 12:13:50] winston info: Request to get scrapper stats.
[2023-05-02 12:13:50] winston info: Scrapper status:
[2023-05-02 12:13:50] winston info: 
	status: Scrapper is running.,
	startTime: Tue May 02 2023 12:12:26 GMT+0530 (India Standard Time),
	keywords: nvidia gpu 3060,
	targetPrice: $5000
[2023-05-02 12:13:53] winston info: Request to get scrapper stats.
[2023-05-02 12:13:53] winston info: Scrapper status:
[2023-05-02 12:13:53] winston info: 
	status: Scrapper is running.,
	startTime: Tue May 02 2023 12:12:26 GMT+0530 (India Standard Time),
	keywords: nvidia gpu 3060,
	targetPrice: $5000
[2023-05-02 12:13:53] winston info: Request to get scraped data.
[2023-05-02 12:13:53] winston info: Retrieved 0 products.
[2023-05-02 12:14:03] winston info: Request to get scrapper stats.
[2023-05-02 12:14:03] winston info: Scrapper status:
[2023-05-02 12:14:03] winston info: 
	status: Scrapper is running.,
	startTime: Tue May 02 2023 12:12:26 GMT+0530 (India Standard Time),
	keywords: nvidia gpu 3060,
	targetPrice: $5000
[2023-05-02 12:14:13] winston info: Request to get scrapper stats.
[2023-05-02 12:14:13] winston info: Scrapper status:
[2023-05-02 12:14:13] winston info: 
	status: Scrapper is running.,
	startTime: Tue May 02 2023 12:12:26 GMT+0530 (India Standard Time),
	keywords: nvidia gpu 3060,
	targetPrice: $5000
[2023-05-02 12:14:23] winston info: Request to start scrape for keywords: "nvidia gpu 3060" and Target Price: $5000.
[2023-05-02 12:14:23] winston info: Scrapper called while already running. Stopping current scrapper and starting a new one.
[2023-05-02 12:14:23] winston info: Scrapper stopped.
[2023-05-02 12:14:23] winston info: Scrapper stopped. Starting a new one now.
[2023-05-02 12:14:23] winston info: Scrapper started with keywords: "nvidia gpu 3060" and Target Price: $5000.
[2023-05-02 12:14:23] winston info: Creating scrapper.
[2023-05-02 12:14:23] winston info: Successfully created scrapper.
[2023-05-02 12:14:23] winston info: Request to get scrapper stats.
[2023-05-02 12:14:23] winston info: Scrapper status:
[2023-05-02 12:14:23] winston info: 
	status: Scrapper is running.,
	startTime: Tue May 02 2023 12:14:23 GMT+0530 (India Standard Time),
	keywords: nvidia gpu 3060,
	targetPrice: $5000
[2023-05-02 12:14:28] winston info: Scrapper exited with code 0 and signal null.
[2023-05-02 12:14:28] winston info: Scrapper finished for "nvidia gpu 3060" with Target Price $5000 and execution time of 5.552 seconds.
[2023-05-02 12:14:28] winston info: Retrieved 113 products from CSV.
[2023-05-02 12:14:28] winston info: Waiting for 1794.45 seconds for next scrapping.
[2023-05-02 12:14:34] winston info: Request to get scrapper stats.
[2023-05-02 12:14:34] winston info: Scrapper status:
[2023-05-02 12:14:34] winston info: 
	status: Scrapper is running.,
	startTime: Tue May 02 2023 12:14:23 GMT+0530 (India Standard Time),
	keywords: nvidia gpu 3060,
	targetPrice: $5000
[2023-05-02 12:14:45] winston info: Express Server running.
[2023-05-02 12:14:45] winston info: Express Server running on PORT 3000
[2023-05-02 12:14:48] winston info: Request to start scrape for keywords: "nvidia gpu 3060" and Target Price: $5000.
[2023-05-02 12:14:48] winston info: Scrapper started with keywords: "nvidia gpu 3060" and Target Price: $5000.
[2023-05-02 12:14:48] winston info: Creating scrapper.
[2023-05-02 12:14:48] winston info: Successfully created scrapper.
[2023-05-02 12:14:54] winston info: Request to get scrapper stats.
[2023-05-02 12:14:54] winston info: Scrapper status:
[2023-05-02 12:14:54] winston info: 
	status: Scrapper is running.,
	startTime: Tue May 02 2023 12:14:48 GMT+0530 (India Standard Time),
	keywords: nvidia gpu 3060,
	targetPrice: $5000
[2023-05-02 12:14:54] winston info: Request to get scraped data.
[2023-05-02 12:14:54] winston info: Retrieved 0 products.
[2023-05-02 12:14:54] winston info: Scrapper exited with code 0 and signal null.
[2023-05-02 12:14:54] winston info: Scrapper finished for "nvidia gpu 3060" with Target Price $5000 and execution time of 6.359 seconds.
[2023-05-02 12:14:54] winston info: Retrieved 119 products from CSV.
[2023-05-02 12:14:54] winston info: Waiting for 3.639 seconds for next scrapping.
[2023-05-02 12:14:58] winston info: Creating scrapper.
[2023-05-02 12:14:58] winston info: Successfully created scrapper.
[2023-05-02 12:15:04] winston info: Scrapper exited with code 0 and signal null.
[2023-05-02 12:15:04] winston info: Scrapper finished for "nvidia gpu 3060" with Target Price $5000 and execution time of 16.001 seconds.
[2023-05-02 12:15:04] winston info: Retrieved 119 products from CSV.
[2023-05-02 12:15:04] winston info: Writing 2 to ./newItems.csv.
[2023-05-02 12:15:04] winston info: New Items found: 1.
[2023-05-02 12:15:04] winston info: Waiting for 4.005 seconds for next scrapping.
[2023-05-02 12:15:04] winston info: Request to get scrapper stats.
[2023-05-02 12:15:04] winston info: Scrapper status:
[2023-05-02 12:15:04] winston info: 
	status: Scrapper is running.,
	startTime: Tue May 02 2023 12:14:48 GMT+0530 (India Standard Time),
	keywords: nvidia gpu 3060,
	targetPrice: $5000
[2023-05-02 12:15:06] winston info: Email sent from botuse14@gmail.com to toofanbehera8008@gmail.com, receiver2@email.com with response: 250 2.0.0 OK  1683009906 a3-20020a62d403000000b0063d2989d5b4sm20886585pfh.45 - gsmtp.
[2023-05-02 12:15:08] winston info: Creating scrapper.
[2023-05-02 12:15:08] winston info: Successfully created scrapper.
[2023-05-02 12:15:13] winston info: Request to get scrapper stats.
[2023-05-02 12:15:13] winston info: Scrapper status:
[2023-05-02 12:15:13] winston info: 
	status: Scrapper is running.,
	startTime: Tue May 02 2023 12:14:48 GMT+0530 (India Standard Time),
	keywords: nvidia gpu 3060,
	targetPrice: $5000
[2023-05-02 12:15:13] winston info: Scrapper exited with code 0 and signal null.
[2023-05-02 12:15:13] winston info: Scrapper finished for "nvidia gpu 3060" with Target Price $5000 and execution time of 25.402 seconds.
[2023-05-02 12:15:13] winston info: Retrieved 113 products from CSV.
[2023-05-02 12:15:13] winston info: Writing 2 to ./newItems.csv.
[2023-05-02 12:15:13] winston info: New Items found: 1.
[2023-05-02 12:15:13] winston info: Waiting for 4.614 seconds for next scrapping.
[2023-05-02 12:15:15] winston info: Email sent from botuse14@gmail.com to toofanbehera8008@gmail.com, receiver2@email.com with response: 250 2.0.0 OK  1683009915 w77-20020a627b50000000b0063f0ef3b421sm9791448pfc.14 - gsmtp.
[2023-05-02 12:15:18] winston info: Creating scrapper.
[2023-05-02 12:15:18] winston info: Successfully created scrapper.
[2023-05-02 12:15:24] winston info: Scrapper exited with code 0 and signal null.
[2023-05-02 12:15:24] winston info: Scrapper finished for "nvidia gpu 3060" with Target Price $5000 and execution time of 36.266 seconds.
[2023-05-02 12:15:24] winston info: Request to get scrapper stats.
[2023-05-02 12:15:24] winston info: Scrapper status:
[2023-05-02 12:15:24] winston info: 
	status: Scrapper is running.,
	startTime: Tue May 02 2023 12:14:48 GMT+0530 (India Standard Time),
	keywords: nvidia gpu 3060,
	targetPrice: $5000
[2023-05-02 12:15:24] winston info: Retrieved 113 products from CSV.
[2023-05-02 12:15:24] winston info: Writing 3 to ./newItems.csv.
[2023-05-02 12:15:24] winston info: New Items found: 2.
[2023-05-02 12:15:24] winston info: Waiting for 3.761 seconds for next scrapping.
[2023-05-02 12:15:26] winston info: Email sent from botuse14@gmail.com to toofanbehera8008@gmail.com, receiver2@email.com with response: 250 2.0.0 OK  1683009926 y14-20020a170902b48e00b001a65fa33e62sm18952683plr.154 - gsmtp.
[2023-05-02 12:15:28] winston info: Creating scrapper.
[2023-05-02 12:15:28] winston info: Successfully created scrapper.
[2023-05-02 12:15:33] winston info: Request to get scrapper stats.
[2023-05-02 12:15:33] winston info: Scrapper status:
[2023-05-02 12:15:33] winston info: 
	status: Scrapper is running.,
	startTime: Tue May 02 2023 12:14:48 GMT+0530 (India Standard Time),
	keywords: nvidia gpu 3060,
	targetPrice: $5000
[2023-05-02 12:15:34] winston info: Scrapper exited with code 0 and signal null.
[2023-05-02 12:15:34] winston info: Scrapper finished for "nvidia gpu 3060" with Target Price $5000 and execution time of 46.391 seconds.
[2023-05-02 12:15:34] winston info: Retrieved 117 products from CSV.
[2023-05-02 12:15:34] winston info: Waiting for 3.647 seconds for next scrapping.
[2023-05-02 12:15:35] winston info: Request to get scrapper stats.
[2023-05-02 12:15:35] winston info: Scrapper status:
[2023-05-02 12:15:35] winston info: 
	status: Scrapper is running.,
	startTime: Tue May 02 2023 12:14:48 GMT+0530 (India Standard Time),
	keywords: nvidia gpu 3060,
	targetPrice: $5000
[2023-05-02 12:15:35] winston info: Request to get scraped data.
[2023-05-02 12:15:35] winston info: Retrieved 2 products.
[2023-05-02 12:15:38] winston info: Creating scrapper.
[2023-05-02 12:15:38] winston info: Successfully created scrapper.
[2023-05-02 12:15:43] winston info: Scrapper exited with code 0 and signal null.
[2023-05-02 12:15:43] winston info: Scrapper finished for "nvidia gpu 3060" with Target Price $5000 and execution time of 55.241 seconds.
[2023-05-02 12:15:43] winston info: Retrieved 117 products from CSV.
[2023-05-02 12:15:43] winston info: Writing 2 to ./newItems.csv.
[2023-05-02 12:15:43] winston info: New Items found: 1.
[2023-05-02 12:15:43] winston info: Waiting for 4.806 seconds for next scrapping.
[2023-05-02 12:15:45] winston info: Request to get scrapper stats.
[2023-05-02 12:15:45] winston info: Scrapper status:
[2023-05-02 12:15:45] winston info: 
	status: Scrapper is running.,
	startTime: Tue May 02 2023 12:14:48 GMT+0530 (India Standard Time),
	keywords: nvidia gpu 3060,
	targetPrice: $5000
[2023-05-02 12:15:45] winston info: Email sent from botuse14@gmail.com to toofanbehera8008@gmail.com, receiver2@email.com with response: 250 2.0.0 OK  1683009945 v14-20020a17090331ce00b001ab12ccc2a7sm20870ple.98 - gsmtp.
[2023-05-02 12:15:48] winston info: Creating scrapper.
[2023-05-02 12:15:48] winston info: Successfully created scrapper.
[2023-05-02 12:15:51] winston info: Request to get scrapper stats.
[2023-05-02 12:15:51] winston info: Scrapper status:
[2023-05-02 12:15:51] winston info: 
	status: Scrapper is running.,
	startTime: Tue May 02 2023 12:14:48 GMT+0530 (India Standard Time),
	keywords: nvidia gpu 3060,
	targetPrice: $5000
[2023-05-02 12:15:51] winston info: Request to get scraped data.
[2023-05-02 12:15:51] winston info: Retrieved 1 products.
[2023-05-02 12:15:53] winston info: Scrapper exited with code 0 and signal null.
[2023-05-02 12:15:53] winston info: Scrapper finished for "nvidia gpu 3060" with Target Price $5000 and execution time of 65.907 seconds.
[2023-05-02 12:15:53] winston info: Retrieved 120 products from CSV.
[2023-05-02 12:15:53] winston info: Waiting for 4.142 seconds for next scrapping.
[2023-05-02 12:17:08] winston info: Express Server running.
[2023-05-02 12:17:08] winston info: Express Server running on PORT 3000
[2023-05-02 12:17:14] winston info: Request to get scrapper stats.
[2023-05-02 12:17:14] winston info: Request to get scraped data.
[2023-05-02 12:17:17] winston info: Request to start scrape for keywords: "water bottle" and Target Price: $3000.
[2023-05-02 12:17:17] winston info: Scrapper started with keywords: "water bottle" and Target Price: $3000.
[2023-05-02 12:17:17] winston info: Creating scrapper.
[2023-05-02 12:17:17] winston info: Successfully created scrapper.
[2023-05-02 12:17:24] winston info: Request to get scrapper stats.
[2023-05-02 12:17:24] winston info: Scrapper status:
[2023-05-02 12:17:24] winston info: 
	status: Scrapper is running.,
	startTime: Tue May 02 2023 12:17:17 GMT+0530 (India Standard Time),
	keywords: water bottle,
	targetPrice: $3000
[2023-05-02 12:17:24] winston info: Request to get scraped data.
[2023-05-02 12:17:24] winston info: Retrieved 0 products.
[2023-05-02 12:17:34] winston info: Request to get scrapper stats.
[2023-05-02 12:17:34] winston info: Scrapper status:
[2023-05-02 12:17:34] winston info: 
	status: Scrapper is running.,
	startTime: Tue May 02 2023 12:17:17 GMT+0530 (India Standard Time),
	keywords: water bottle,
	targetPrice: $3000
[2023-05-02 12:17:34] winston info: Request to get scraped data.
[2023-05-02 12:17:34] winston info: Retrieved 0 products.
[2023-05-02 12:17:44] winston info: Request to get scrapper stats.
[2023-05-02 12:17:44] winston info: Scrapper status:
[2023-05-02 12:17:44] winston info: 
	status: Scrapper is running.,
	startTime: Tue May 02 2023 12:17:17 GMT+0530 (India Standard Time),
	keywords: water bottle,
	targetPrice: $3000
[2023-05-02 12:17:44] winston info: Request to get scraped data.
[2023-05-02 12:17:44] winston info: Retrieved 0 products.
[2023-05-02 12:17:52] winston info: Scrapper exited with code 0 and signal null.
[2023-05-02 12:17:52] winston info: Scrapper finished for "water bottle" with Target Price $3000 and execution time of 35.363 seconds.
[2023-05-02 12:17:52] winston info: Retrieved 470 products from CSV.
[2023-05-02 12:17:52] winston info: Waiting for 0 seconds for next scrapping.
[2023-05-02 12:17:52] winston info: Creating scrapper.
[2023-05-02 12:17:52] winston info: Successfully created scrapper.
[2023-05-02 12:17:55] winston info: Request to get scrapper stats.
[2023-05-02 12:17:55] winston info: Scrapper status:
[2023-05-02 12:17:55] winston info: 
	status: Scrapper is running.,
	startTime: Tue May 02 2023 12:17:17 GMT+0530 (India Standard Time),
	keywords: water bottle,
	targetPrice: $3000
[2023-05-02 12:17:55] winston info: Request to get scraped data.
[2023-05-02 12:17:55] winston info: Retrieved 0 products.
[2023-05-02 12:18:05] winston info: Request to get scrapper stats.
[2023-05-02 12:18:05] winston info: Scrapper status:
[2023-05-02 12:18:05] winston info: 
	status: Scrapper is running.,
	startTime: Tue May 02 2023 12:17:17 GMT+0530 (India Standard Time),
	keywords: water bottle,
	targetPrice: $3000
[2023-05-02 12:18:05] winston info: Request to get scraped data.
[2023-05-02 12:18:05] winston info: Retrieved 0 products.
[2023-05-02 12:18:15] winston info: Request to get scrapper stats.
[2023-05-02 12:18:15] winston info: Scrapper status:
[2023-05-02 12:18:15] winston info: 
	status: Scrapper is running.,
	startTime: Tue May 02 2023 12:17:17 GMT+0530 (India Standard Time),
	keywords: water bottle,
	targetPrice: $3000
[2023-05-02 12:18:15] winston info: Request to get scraped data.
[2023-05-02 12:18:15] winston info: Retrieved 0 products.
[2023-05-02 12:18:25] winston info: Request to get scrapper stats.
[2023-05-02 12:18:25] winston info: Scrapper status:
[2023-05-02 12:18:25] winston info: 
	status: Scrapper is running.,
	startTime: Tue May 02 2023 12:17:17 GMT+0530 (India Standard Time),
	keywords: water bottle,
	targetPrice: $3000
[2023-05-02 12:18:25] winston info: Request to get scraped data.
[2023-05-02 12:18:25] winston info: Retrieved 0 products.
[2023-05-02 12:18:29] winston info: Scrapper exited with code 0 and signal null.
[2023-05-02 12:18:29] winston info: Scrapper finished for "water bottle" with Target Price $3000 and execution time of 72.277 seconds.
[2023-05-02 12:18:29] winston info: Retrieved 492 products from CSV.
[2023-05-02 12:18:29] winston info: Writing 220 to ./newItems.csv.
[2023-05-02 12:18:29] winston info: New Items found: 219.
[2023-05-02 12:18:29] winston info: Waiting for 0 seconds for next scrapping.
[2023-05-02 12:18:29] winston info: Creating scrapper.
[2023-05-02 12:18:29] winston info: Successfully created scrapper.
[2023-05-02 12:18:33] winston info: Email sent from botuse14@gmail.com to toofanbehera8008@gmail.com, receiver2@email.com with response: 250 2.0.0 OK  1683010113 a22-20020a056a000c9600b0062dd9a8c1b8sm21073692pfv.100 - gsmtp.
[2023-05-02 12:18:34] winston info: Request to get scrapper stats.
[2023-05-02 12:18:34] winston info: Scrapper status:
[2023-05-02 12:18:34] winston info: 
	status: Scrapper is running.,
	startTime: Tue May 02 2023 12:17:17 GMT+0530 (India Standard Time),
	keywords: water bottle,
	targetPrice: $3000
[2023-05-02 12:18:34] winston info: Request to get scraped data.
[2023-05-02 12:18:34] winston info: Retrieved 219 products.
[2023-05-02 12:18:44] winston info: Request to get scrapper stats.
[2023-05-02 12:18:44] winston info: Scrapper status:
[2023-05-02 12:18:44] winston info: 
	status: Scrapper is running.,
	startTime: Tue May 02 2023 12:17:17 GMT+0530 (India Standard Time),
	keywords: water bottle,
	targetPrice: $3000
[2023-05-02 12:18:44] winston info: Request to get scraped data.
[2023-05-02 12:18:44] winston info: Retrieved 219 products.
[2023-05-02 12:18:54] winston info: Request to get scrapper stats.
[2023-05-02 12:18:54] winston info: Scrapper status:
[2023-05-02 12:18:54] winston info: 
	status: Scrapper is running.,
	startTime: Tue May 02 2023 12:17:17 GMT+0530 (India Standard Time),
	keywords: water bottle,
	targetPrice: $3000
[2023-05-02 12:18:54] winston info: Request to get scraped data.
[2023-05-02 12:18:54] winston info: Retrieved 219 products.
[2023-05-02 14:59:41] winston info: Express Server running.
[2023-05-02 14:59:41] winston info: Express Server running on PORT 3000
[2023-05-02 14:59:46] winston info: Request to get scrapper stats.
[2023-05-02 14:59:46] winston info: Request to get scraped data.
[2023-05-02 14:59:49] winston info: Request to get scrapper stats.
[2023-05-02 14:59:49] winston info: Request to get scraped data.
[2023-05-02 14:59:56] winston info: Request to get scrapper stats.
[2023-05-02 14:59:56] winston info: Request to get scraped data.
[2023-05-02 14:59:59] winston info: Request to get scrapper stats.
[2023-05-02 14:59:59] winston info: Request to get scraped data.
[2023-05-02 15:00:07] winston info: Request to get scrapper stats.
[2023-05-02 15:00:07] winston info: Request to get scraped data.
[2023-05-02 15:00:18] winston info: Request to get scrapper stats.
[2023-05-02 15:00:18] winston info: Request to get scraped data.
[2023-05-02 15:00:27] winston info: Request to get scrapper stats.
[2023-05-02 15:00:27] winston info: Request to get scraped data.
[2023-05-02 15:00:38] winston info: Request to get scrapper stats.
[2023-05-02 15:00:38] winston info: Request to get scraped data.
[2023-05-02 15:00:44] winston info: Request to get scrapper stats.
[2023-05-02 15:00:44] winston info: Request to get scraped data.
[2023-05-02 15:00:48] winston info: Request to get scrapper stats.
[2023-05-02 15:00:48] winston info: Request to get scraped data.
[2023-05-02 15:01:00] winston info: Request to get scrapper stats.
[2023-05-02 15:01:00] winston info: Request to get scraped data.
[2023-05-02 15:01:09] winston info: Request to get scrapper stats.
[2023-05-02 15:01:09] winston info: Request to get scraped data.
[2023-05-02 15:01:19] winston info: Request to get scrapper stats.
[2023-05-02 15:01:19] winston info: Request to get scraped data.
[2023-05-02 15:01:28] winston info: Request to get scrapper stats.
[2023-05-02 15:01:28] winston info: Request to get scraped data.
[2023-05-02 15:01:39] winston info: Request to get scrapper stats.
[2023-05-02 15:01:39] winston info: Request to get scraped data.
[2023-05-02 15:01:44] winston info: Request to get scrapper stats.
[2023-05-02 15:01:44] winston info: Request to get scraped data.
[2023-05-02 15:01:50] winston info: Request to get scrapper stats.
[2023-05-02 15:01:50] winston info: Request to get scraped data.
[2023-05-02 15:01:59] winston info: Request to get scrapper stats.
[2023-05-02 15:01:59] winston info: Request to get scraped data.
[2023-05-02 15:02:09] winston info: Request to get scrapper stats.
[2023-05-02 15:02:09] winston info: Request to get scraped data.
[2023-05-02 15:02:19] winston info: Request to get scrapper stats.
[2023-05-02 15:02:19] winston info: Request to get scraped data.
[2023-05-02 15:02:28] winston info: Request to get scrapper stats.
[2023-05-02 15:02:28] winston info: Request to get scraped data.
[2023-05-02 15:02:38] winston info: Request to get scrapper stats.
[2023-05-02 15:02:38] winston info: Request to get scraped data.
[2023-05-02 15:02:44] winston info: Request to get scrapper stats.
[2023-05-02 15:02:44] winston info: Request to get scraped data.
[2023-05-02 15:02:50] winston info: Request to get scrapper stats.
[2023-05-02 15:02:50] winston info: Request to get scraped data.
[2023-05-02 15:02:58] winston info: Request to get scrapper stats.
[2023-05-02 15:02:58] winston info: Request to get scraped data.
[2023-05-02 15:07:40] winston info: Express Server running.
[2023-05-02 15:07:40] winston info: Express Server running on PORT 3000
[2023-05-02 15:17:58] winston info: Express Server running.
[2023-05-02 15:17:58] winston info: Express Server running on PORT 3000
[2023-05-02 15:18:05] winston info: Request to get scrapper stats.
[2023-05-02 15:18:05] winston info: Request to get scraped data.
[2023-05-02 15:18:15] winston info: Request to get scrapper stats.
[2023-05-02 15:18:15] winston info: Request to get scraped data.
[2023-05-02 15:18:23] winston info: Express Server running.
[2023-05-02 15:18:23] winston info: Express Server running on PORT 3000
[2023-05-02 15:18:25] winston info: Request to get scrapper stats.
[2023-05-02 15:18:25] winston info: Request to get scraped data.
[2023-05-02 15:18:35] winston info: Request to get scrapper stats.
[2023-05-02 15:18:35] winston info: Request to get scraped data.
[2023-05-02 15:18:44] winston info: Request to get scrapper stats.
[2023-05-02 15:18:44] winston info: Request to get scraped data.
[2023-05-02 15:18:45] winston info: Request to get scrapper stats.
[2023-05-02 15:18:45] winston info: Request to get scraped data.
[2023-05-02 15:18:46] winston info: Express Server running.
[2023-05-02 15:18:46] winston info: Express Server running on PORT 3000
[2023-05-02 15:18:55] winston info: Request to get scrapper stats.
[2023-05-02 15:18:55] winston info: Request to get scraped data.
[2023-05-02 15:19:05] winston info: Request to get scrapper stats.
[2023-05-02 15:19:05] winston info: Request to get scraped data.
[2023-05-02 15:19:15] winston info: Request to get scrapper stats.
[2023-05-02 15:19:15] winston info: Request to get scraped data.
[2023-05-02 15:19:18] winston info: Request to get scrapper stats.
[2023-05-02 15:19:18] winston info: Request to get scraped data.
[2023-05-02 15:19:24] winston info: Request to get scrapper stats.
[2023-05-02 15:19:24] winston info: Request to get scraped data.
[2023-05-02 15:19:25] winston info: Request to get scrapper stats.
[2023-05-02 15:19:25] winston info: Request to get scraped data.
[2023-05-02 15:19:26] winston info: Request to start scrape for keywords: "nvidia gpu 3060" and Target Price: $5000.
[2023-05-02 15:19:26] winston info: Scrapper started with keywords: "nvidia gpu 3060" and Target Price: $5000.
[2023-05-02 15:19:26] winston info: Creating scrapper.
[2023-05-02 15:19:26] winston info: Successfully created scrapper.
[2023-05-02 15:19:34] winston info: Scrapper exited with code 0 and signal null.
[2023-05-02 15:19:34] winston info: Scrapper finished for "nvidia gpu 3060" with Target Price $5000 and execution time of 7.592 seconds.
[2023-05-02 15:19:34] winston info: Retrieved 114 products from CSV.
[2023-05-02 15:19:34] winston info: Waiting for 2.401 seconds for next scrapping.
[2023-05-02 15:19:35] winston info: Request to get scrapper stats.
[2023-05-02 15:19:35] winston info: Scrapper status:
[2023-05-02 15:19:35] winston info: 
	status: Scrapper is running.,
	startTime: Tue May 02 2023 15:19:26 GMT+0530 (India Standard Time),
	keywords: nvidia gpu 3060,
	targetPrice: $5000
[2023-05-02 15:19:35] winston info: Request to get scraped data.
[2023-05-02 15:19:35] winston info: Retrieved 0 products.
[2023-05-02 15:19:35] winston info: Request to get scrapper stats.
[2023-05-02 15:19:35] winston info: Scrapper status:
[2023-05-02 15:19:35] winston info: 
	status: Scrapper is running.,
	startTime: Tue May 02 2023 15:19:26 GMT+0530 (India Standard Time),
	keywords: nvidia gpu 3060,
	targetPrice: $5000
[2023-05-02 15:19:35] winston info: Request to get scraped data.
[2023-05-02 15:19:35] winston info: Retrieved 0 products.
[2023-05-02 15:19:36] winston info: Creating scrapper.
[2023-05-02 15:19:36] winston info: Successfully created scrapper.
[2023-05-02 15:19:42] winston info: Scrapper exited with code 0 and signal null.
[2023-05-02 15:19:42] winston info: Scrapper finished for "nvidia gpu 3060" with Target Price $5000 and execution time of 15.182 seconds.
[2023-05-02 15:19:42] winston info: Retrieved 115 products from CSV.
[2023-05-02 15:19:42] winston info: Writing 3 to ./newItems.csv.
[2023-05-02 15:19:42] winston info: New Items found: 2.
[2023-05-02 15:19:42] winston info: Waiting for 4.819 seconds for next scrapping.
[2023-05-02 15:19:44] winston info: Request to get scrapper stats.
[2023-05-02 15:19:44] winston info: Scrapper status:
[2023-05-02 15:19:44] winston info: 
	status: Scrapper is running.,
	startTime: Tue May 02 2023 15:19:26 GMT+0530 (India Standard Time),
	keywords: nvidia gpu 3060,
	targetPrice: $5000
[2023-05-02 15:19:44] winston info: Request to get scraped data.
[2023-05-02 15:19:44] winston info: Retrieved 2 products.
[2023-05-02 15:19:44] winston info: Request to get scrapper stats.
[2023-05-02 15:19:44] winston info: Scrapper status:
[2023-05-02 15:19:44] winston info: 
	status: Scrapper is running.,
	startTime: Tue May 02 2023 15:19:26 GMT+0530 (India Standard Time),
	keywords: nvidia gpu 3060,
	targetPrice: $5000
[2023-05-02 15:19:44] winston info: Request to get scraped data.
[2023-05-02 15:19:44] winston info: Retrieved 2 products.
[2023-05-02 15:19:45] winston info: Request to get scrapper stats.
[2023-05-02 15:19:45] winston info: Scrapper status:
[2023-05-02 15:19:45] winston info: 
	status: Scrapper is running.,
	startTime: Tue May 02 2023 15:19:26 GMT+0530 (India Standard Time),
	keywords: nvidia gpu 3060,
	targetPrice: $5000
[2023-05-02 15:19:45] winston info: Request to get scraped data.
[2023-05-02 15:19:45] winston info: Retrieved 2 products.
[2023-05-02 15:19:45] winston info: Email sent from botuse14@gmail.com to toofanbehera8008@gmail.com, receiver2@email.com with response: 250 2.0.0 OK  1683020986 t7-20020a656087000000b0050fa6546a45sm18237211pgu.6 - gsmtp.
[2023-05-02 15:19:46] winston info: Creating scrapper.
[2023-05-02 15:19:46] winston info: Successfully created scrapper.
[2023-05-02 16:41:23] winston info: Express Server running.
[2023-05-02 16:41:23] winston info: Express Server running on PORT 3000
[2023-05-02 16:41:24] winston info: Request to get scrapper stats.
[2023-05-02 16:41:24] winston info: Request to get scraped data.
[2023-05-02 16:41:34] winston info: Request to start scrape for keywords: "nvidia gpu 3060" and Target Price: $5000.
[2023-05-02 16:42:12] winston info: Express Server running.
[2023-05-02 16:42:12] winston info: Express Server running on PORT 3000
[2023-05-02 16:42:14] winston info: Request to get scrapper stats.
[2023-05-02 16:42:14] winston info: Request to get scraped data.
[2023-05-02 16:42:15] winston info: Request to start scrape for keywords: "nvidia gpu 3060" and Target Price: $5000.
[2023-05-02 16:42:37] winston info: Express Server running.
[2023-05-02 16:42:37] winston info: Express Server running on PORT 3000
[2023-05-02 16:42:39] winston info: Request to start scrape for keywords: "nvidia gpu 3060" and Target Price: $5000.
[2023-05-02 16:43:23] winston info: Express Server running.
[2023-05-02 16:43:23] winston info: Express Server running on PORT 3000
[2023-05-02 16:43:24] winston info: Request to start scrape for keywords: "nvidia gpu 3060" and Target Price: $5000.
[2023-05-02 16:44:14] winston info: Express Server running.
[2023-05-02 16:44:14] winston info: Express Server running on PORT 3000
[2023-05-02 16:44:15] winston info: Request to get scrapper stats.
[2023-05-02 16:44:15] winston info: Request to get scraped data.
[2023-05-02 16:44:16] winston info: Request to start scrape for keywords: "nvidia gpu 3060" and Target Price: $5000.
[2023-05-02 16:44:16] winston info: Scrapper started with keywords: "nvidia gpu 3060" and Target Price: $5000.
[2023-05-02 16:44:16] winston info: Creating scrapper.
[2023-05-02 16:44:16] winston info: Successfully created scrapper.
[2023-05-02 16:44:16] winston error: Scrapper had a error. spawn [object Object] ENOENT
[2023-05-02 16:44:16] winston error: Scrapper stopped unexpectedly. spawn [object Object] ENOENT
[2023-05-02 16:44:16] winston error: Scrapper stopped unexpectedly.
[2023-05-02 16:44:25] winston info: Request to get scrapper stats.
[2023-05-02 16:44:25] winston info: Scrapper status:
[2023-05-02 16:44:25] winston info: 
	status: Scrapper is running.,
	startTime: Tue May 02 2023 16:44:16 GMT+0530 (India Standard Time),
	keywords: nvidia gpu 3060,
	targetPrice: $5000
[2023-05-02 16:44:25] winston info: Request to get scraped data.
[2023-05-02 16:44:25] winston info: Retrieved 0 products.
[2023-05-02 16:44:35] winston info: Request to get scrapper stats.
[2023-05-02 16:44:35] winston info: Scrapper status:
[2023-05-02 16:44:35] winston info: 
	status: Scrapper is running.,
	startTime: Tue May 02 2023 16:44:16 GMT+0530 (India Standard Time),
	keywords: nvidia gpu 3060,
	targetPrice: $5000
[2023-05-02 16:44:35] winston info: Request to get scraped data.
[2023-05-02 16:44:35] winston info: Retrieved 0 products.
[2023-05-02 16:44:56] winston info: Express Server running.
[2023-05-02 16:44:56] winston info: Express Server running on PORT 3000
[2023-05-02 16:44:58] winston info: Request to start scrape for keywords: "nvidia gpu 3060" and Target Price: $5000.
[2023-05-02 16:44:58] winston info: Scrapper started with keywords: "nvidia gpu 3060" and Target Price: $5000.
[2023-05-02 16:44:58] winston info: Creating scrapper.
[2023-05-02 16:44:59] winston info: Successfully created scrapper.
[2023-05-02 16:44:59] winston error: Scrapper had a error. spawn [object Object] ENOENT
[2023-05-02 16:44:59] winston error: Scrapper stopped unexpectedly. spawn [object Object] ENOENT
[2023-05-02 16:45:05] winston info: Request to get scrapper stats.
[2023-05-02 16:45:05] winston info: Scrapper status:
[2023-05-02 16:45:05] winston info: 
	status: Scrapper is running.,
	startTime: Tue May 02 2023 16:44:58 GMT+0530 (India Standard Time),
	keywords: nvidia gpu 3060,
	targetPrice: $5000
[2023-05-02 16:45:05] winston info: Request to get scraped data.
[2023-05-02 16:45:05] winston info: Retrieved 0 products.
[2023-05-02 16:46:33] winston info: Express Server running.
[2023-05-02 16:46:33] winston info: Express Server running on PORT 3000
[2023-05-02 16:46:36] winston info: Request to get scrapper stats.
[2023-05-02 16:46:36] winston info: Request to get scraped data.
[2023-05-02 16:46:44] winston info: Request to start scrape for keywords: "nvidia gpu 3060" and Target Price: $5000.
[2023-05-02 16:48:00] winston info: Express Server running.
[2023-05-02 16:48:00] winston info: Express Server running on PORT 3000
[2023-05-02 16:48:01] winston info: Request to start scrape for keywords: "nvidia gpu 3060" and Target Price: $5000.
[2023-05-02 16:48:17] winston info: Express Server running.
[2023-05-02 16:48:17] winston info: Express Server running on PORT 3000
[2023-05-02 16:48:20] winston info: Request to start scrape for keywords: "nvidia gpu 3060" and Target Price: $5000.
[2023-05-02 16:50:45] winston info: Express Server running.
[2023-05-02 16:50:45] winston info: Express Server running on PORT 3000
[2023-05-02 16:50:47] winston info: Request to get scrapper stats.
[2023-05-02 16:50:47] winston info: Request to get scraped data.
[2023-05-02 16:50:48] winston info: Request to get scrapper stats.
[2023-05-02 16:50:49] winston info: Request to get scraped data.
[2023-05-02 16:50:57] winston info: Request to get scrapper stats.
[2023-05-02 16:50:57] winston info: Request to get scraped data.
[2023-05-02 16:51:07] winston info: Request to get scrapper stats.
[2023-05-02 16:51:07] winston info: Request to get scraped data.
[2023-05-02 16:51:17] winston info: Request to get scrapper stats.
[2023-05-02 16:51:17] winston info: Request to get scraped data.
[2023-05-02 16:51:27] winston info: Request to get scrapper stats.
[2023-05-02 16:51:27] winston info: Request to get scraped data.
[2023-05-02 16:51:37] winston info: Request to get scrapper stats.
[2023-05-02 16:51:37] winston info: Request to get scraped data.
[2023-05-02 16:51:44] winston info: Express Server running.
[2023-05-02 16:51:44] winston info: Express Server running on PORT 3000
[2023-05-02 16:51:54] winston info: Express Server running.
[2023-05-02 16:51:54] winston info: Express Server running on PORT 3000
[2023-05-02 16:52:01] winston info: Request to start scrape for keywords: "nvidia gpu 3060" and Target Price: $5000.
[2023-05-02 16:52:26] winston info: Express Server running.
[2023-05-02 16:52:26] winston info: Express Server running on PORT 3000
[2023-05-02 16:52:28] winston info: Request to start scrape for keywords: "nvidia gpu 3060" and Target Price: $5000.
[2023-05-02 16:52:28] winston info: Scrapper started with keywords: "nvidia gpu 3060" and Target Price: $5000.
[2023-05-02 16:52:28] winston info: Creating scrapper.
[2023-05-02 16:52:28] winston info: Successfully created scrapper.
[2023-05-02 16:52:28] winston info: Scrapper exited with code 1 and signal null.
[2023-05-02 16:58:59] winston info: Express Server running.
[2023-05-02 16:58:59] winston info: Express Server running on PORT 3000
[2023-05-02 16:59:04] winston info: Request to get scrapper stats.
[2023-05-02 16:59:04] winston info: Request to get scraped data.
[2023-05-02 16:59:08] winston info: Express Server running.
[2023-05-02 16:59:08] winston info: Express Server running on PORT 3000
[2023-05-02 16:59:14] winston info: Request to get scrapper stats.
[2023-05-02 16:59:14] winston info: Request to get scraped data.
[2023-05-02 16:59:24] winston info: Request to get scrapper stats.
[2023-05-02 16:59:24] winston info: Request to get scraped data.
[2023-05-02 16:59:34] winston info: Request to get scrapper stats.
[2023-05-02 16:59:34] winston info: Request to get scraped data.
[2023-05-02 16:59:44] winston info: Request to get scrapper stats.
[2023-05-02 16:59:44] winston info: Request to get scraped data.
[2023-05-02 16:59:48] winston info: Request to get scraped data.
[2023-05-02 16:59:48] winston info: Request to get scrapper stats.
[2023-05-02 16:59:54] winston info: Request to get scrapper stats.
[2023-05-02 16:59:54] winston info: Request to get scraped data.
[2023-05-02 17:00:04] winston info: Request to get scrapper stats.
[2023-05-02 17:00:04] winston info: Request to get scraped data.
[2023-05-02 17:00:14] winston info: Request to get scraped data.
[2023-05-02 17:00:14] winston info: Request to get scrapper stats.
[2023-05-02 17:00:24] winston info: Request to get scrapper stats.
[2023-05-02 17:00:24] winston info: Request to get scraped data.
[2023-05-02 17:00:34] winston info: Request to get scrapper stats.
[2023-05-02 17:00:34] winston info: Request to get scraped data.
[2023-05-02 17:00:44] winston info: Request to get scrapper stats.
[2023-05-02 17:00:44] winston info: Request to get scraped data.
[2023-05-02 17:00:48] winston info: Request to get scrapper stats.
[2023-05-02 17:00:48] winston info: Request to get scraped data.
[2023-05-02 17:00:54] winston info: Request to get scrapper stats.
[2023-05-02 17:00:54] winston info: Request to get scraped data.
[2023-05-02 17:01:04] winston info: Request to get scrapper stats.
[2023-05-02 17:01:04] winston info: Request to get scraped data.
[2023-05-02 17:01:14] winston info: Request to get scrapper stats.
[2023-05-02 17:01:14] winston info: Request to get scraped data.
[2023-05-02 17:01:24] winston info: Request to get scrapper stats.
[2023-05-02 17:01:24] winston info: Request to get scraped data.
[2023-05-02 17:01:34] winston info: Request to get scraped data.
[2023-05-02 17:01:34] winston info: Request to get scrapper stats.
[2023-05-02 17:01:44] winston info: Request to get scrapper stats.
[2023-05-02 17:01:44] winston info: Request to get scraped data.
[2023-05-02 17:01:54] winston info: Request to get scrapper stats.
[2023-05-02 17:01:54] winston info: Request to get scraped data.
[2023-05-02 17:01:57] winston info: Request to get scrapper stats.
[2023-05-02 17:01:57] winston info: Request to get scraped data.
[2023-05-02 17:02:04] winston info: Request to get scrapper stats.
[2023-05-02 17:02:04] winston info: Request to get scraped data.
[2023-05-02 17:02:14] winston info: Request to get scrapper stats.
[2023-05-02 17:02:14] winston info: Request to get scraped data.
[2023-05-02 17:02:24] winston info: Request to get scrapper stats.
[2023-05-02 17:02:24] winston info: Request to get scraped data.
[2023-05-02 17:02:34] winston info: Request to get scrapper stats.
[2023-05-02 17:02:34] winston info: Request to get scraped data.
[2023-05-02 17:02:44] winston info: Request to get scrapper stats.
[2023-05-02 17:02:44] winston info: Request to get scraped data.
[2023-05-02 17:02:48] winston info: Request to get scrapper stats.
[2023-05-02 17:02:48] winston info: Request to get scraped data.
[2023-05-02 17:02:54] winston info: Request to get scrapper stats.
[2023-05-02 17:02:54] winston info: Request to get scraped data.
[2023-05-02 17:02:56] winston info: Express Server running.
[2023-05-02 17:02:56] winston info: Express Server running on PORT 3000
[2023-05-02 17:03:04] winston info: Request to get scrapper stats.
[2023-05-02 17:03:04] winston info: Request to get scraped data.
[2023-05-02 17:03:14] winston info: Express Server running.
[2023-05-02 17:03:14] winston info: Express Server running on PORT 3000
[2023-05-02 17:03:24] winston info: Request to get scrapper stats.
[2023-05-02 17:03:24] winston info: Request to get scraped data.
[2023-05-02 17:03:44] winston info: Request to get scrapper stats.
[2023-05-02 17:03:44] winston info: Request to get scraped data.
[2023-05-02 17:04:05] winston info: Request to get scrapper stats.
[2023-05-02 17:04:05] winston info: Request to get scraped data.
[2023-05-02 17:04:44] winston info: Request to get scrapper stats.
[2023-05-02 17:04:44] winston info: Request to get scraped data.
[2023-05-02 17:04:48] winston info: Request to get scrapper stats.
[2023-05-02 17:04:48] winston info: Request to get scraped data.
[2023-05-02 17:04:51] winston info: Express Server running.
[2023-05-02 17:04:51] winston info: Express Server running on PORT 3000
[2023-05-02 17:04:59] winston info: Express Server running.
[2023-05-02 17:04:59] winston info: Express Server running on PORT 3000
[2023-05-02 17:05:44] winston info: Request to get scraped data.
[2023-05-02 17:05:44] winston info: Request to get scrapper stats.
[2023-05-02 17:05:59] winston info: Request to get scrapper stats.
[2023-05-02 17:05:59] winston info: Request to get scraped data.
[2023-05-02 17:06:44] winston info: Request to get scrapper stats.
[2023-05-02 17:06:44] winston info: Request to get scraped data.
[2023-05-02 17:06:48] winston info: Request to get scrapper stats.
[2023-05-02 17:06:48] winston info: Request to get scraped data.
[2023-05-02 17:07:29] winston info: Request to get scrapper stats.
[2023-05-02 17:07:29] winston info: Request to get scraped data.
[2023-05-02 17:07:50] winston info: Request to get scrapper stats.
[2023-05-02 17:07:50] winston info: Request to get scraped data.
[2023-05-02 17:08:48] winston info: Request to get scrapper stats.
[2023-05-02 17:08:48] winston info: Request to get scraped data.
[2023-05-02 17:09:55] winston info: Request to get scrapper stats.
[2023-05-02 17:09:55] winston info: Request to get scraped data.
[2023-05-02 17:10:48] winston info: Request to get scrapper stats.
[2023-05-02 17:10:48] winston info: Request to get scraped data.
[2023-05-02 17:12:07] winston info: Request to get scrapper stats.
[2023-05-02 17:12:07] winston info: Request to get scraped data.
[2023-05-02 17:12:48] winston info: Request to get scrapper stats.
[2023-05-02 17:12:48] winston info: Request to get scraped data.
[2023-05-02 17:13:58] winston info: Request to get scrapper stats.
[2023-05-02 17:13:58] winston info: Request to get scraped data.
[2023-05-02 17:14:49] winston info: Request to get scraped data.
[2023-05-02 17:14:49] winston info: Request to get scrapper stats.
[2023-05-02 17:15:47] winston info: Request to get scrapper stats.
[2023-05-02 17:15:47] winston info: Request to get scraped data.
[2023-05-02 17:16:25] winston info: Express Server running.
[2023-05-02 17:16:25] winston info: Express Server running on PORT 3000
[2023-05-02 17:16:47] winston info: Request to get scrapper stats.
[2023-05-02 17:16:47] winston info: Request to get scraped data.
[2023-05-02 17:17:37] winston info: Express Server running.
[2023-05-02 17:17:37] winston info: Express Server running on PORT 3000
[2023-05-02 17:18:02] winston info: Request to get scrapper stats.
[2023-05-02 17:18:02] winston info: Request to get scraped data.
[2023-05-02 17:18:49] winston info: Request to get scrapper stats.
[2023-05-02 17:18:49] winston info: Request to get scraped data.
[2023-05-02 17:20:02] winston info: Request to get scrapper stats.
[2023-05-02 17:20:02] winston info: Request to get scraped data.
[2023-05-02 17:20:49] winston info: Request to get scrapper stats.
[2023-05-02 17:20:49] winston info: Request to get scraped data.
[2023-05-02 17:21:58] winston info: Request to get scrapper stats.
[2023-05-02 17:21:58] winston info: Request to get scraped data.
[2023-05-02 19:56:48] winston info: Express Server running.
[2023-05-02 19:56:48] winston info: Express Server running on PORT 3000
[2023-05-02 19:56:48] winston info: Request to get scrapper stats.
[2023-05-02 19:56:48] winston info: Request to get scraped data.
[2023-05-02 19:57:59] winston info: Request to get scrapper stats.
[2023-05-02 19:57:59] winston info: Request to get scraped data.
[2023-05-02 19:58:40] winston info: Express Server running.
[2023-05-02 19:58:40] winston info: Express Server running on PORT 3000
[2023-05-02 19:58:48] winston info: Request to get scrapper stats.
[2023-05-02 19:58:48] winston info: Request to get scraped data.
[2023-05-02 19:59:13] winston info: Request to get scrapper stats.
[2023-05-02 19:59:13] winston info: Request to get scraped data.
[2023-05-02 19:59:13] winston info: Request to get scrapper stats.
[2023-05-02 19:59:13] winston info: Request to get scraped data.
[2023-05-02 19:59:24] winston info: Request to get scrapper stats.
[2023-05-02 19:59:24] winston info: Request to get scraped data.
[2023-05-02 19:59:24] winston info: Request to get scrapper stats.
[2023-05-02 19:59:24] winston info: Request to get scraped data.
[2023-05-02 19:59:33] winston info: Request to start scrape for keywords: "water bottle" and Target Price: $5000.
[2023-05-02 19:59:33] winston info: Scrapper started with keywords: "water bottle" and Target Price: $5000.
[2023-05-02 19:59:33] winston info: Creating scrapper.
[2023-05-02 19:59:33] winston info: Successfully created scrapper.
[2023-05-02 19:59:33] winston info: Request to get scrapper stats.
[2023-05-02 19:59:33] winston info: Scrapper status:
[2023-05-02 19:59:33] winston info: 
	status: Scrapper is running.,
	startTime: Tue May 02 2023 19:59:33 GMT+0530 (India Standard Time),
	keywords: water bottle,
	targetPrice: $5000
[2023-05-02 19:59:33] winston info: Request to get scraped data.
[2023-05-02 19:59:33] winston info: Retrieved 0 products.
[2023-05-02 19:59:34] winston info: Request to get scrapper stats.
[2023-05-02 19:59:34] winston info: Scrapper status:
[2023-05-02 19:59:34] winston info: 
	status: Scrapper is running.,
	startTime: Tue May 02 2023 19:59:33 GMT+0530 (India Standard Time),
	keywords: water bottle,
	targetPrice: $5000
[2023-05-02 19:59:34] winston info: Request to get scraped data.
[2023-05-02 19:59:34] winston info: Retrieved 0 products.
[2023-05-02 19:59:44] winston info: Request to get scrapper stats.
[2023-05-02 19:59:44] winston info: Scrapper status:
[2023-05-02 19:59:44] winston info: 
	status: Scrapper is running.,
	startTime: Tue May 02 2023 19:59:33 GMT+0530 (India Standard Time),
	keywords: water bottle,
	targetPrice: $5000
[2023-05-02 19:59:44] winston info: Request to get scraped data.
[2023-05-02 19:59:44] winston info: Retrieved 0 products.
[2023-05-02 19:59:45] winston info: Request to get scrapper stats.
[2023-05-02 19:59:45] winston info: Scrapper status:
[2023-05-02 19:59:45] winston info: 
	status: Scrapper is running.,
	startTime: Tue May 02 2023 19:59:33 GMT+0530 (India Standard Time),
	keywords: water bottle,
	targetPrice: $5000
[2023-05-02 19:59:45] winston info: Request to get scraped data.
[2023-05-02 19:59:45] winston info: Retrieved 0 products.
[2023-05-02 19:59:48] winston info: Request to get scrapper stats.
[2023-05-02 19:59:48] winston info: Scrapper status:
[2023-05-02 19:59:48] winston info: 
	status: Scrapper is running.,
	startTime: Tue May 02 2023 19:59:33 GMT+0530 (India Standard Time),
	keywords: water bottle,
	targetPrice: $5000
[2023-05-02 19:59:48] winston info: Request to get scraped data.
[2023-05-02 19:59:48] winston info: Retrieved 0 products.
[2023-05-02 19:59:55] winston info: Request to get scrapper stats.
[2023-05-02 19:59:55] winston info: Scrapper status:
[2023-05-02 19:59:55] winston info: 
	status: Scrapper is running.,
	startTime: Tue May 02 2023 19:59:33 GMT+0530 (India Standard Time),
	keywords: water bottle,
	targetPrice: $5000
[2023-05-02 19:59:55] winston info: Request to get scraped data.
[2023-05-02 19:59:55] winston info: Retrieved 0 products.
[2023-05-02 20:00:04] winston info: Request to get scrapper stats.
[2023-05-02 20:00:04] winston info: Scrapper status:
[2023-05-02 20:00:04] winston info: 
	status: Scrapper is running.,
	startTime: Tue May 02 2023 19:59:33 GMT+0530 (India Standard Time),
	keywords: water bottle,
	targetPrice: $5000
[2023-05-02 20:00:04] winston info: Request to get scraped data.
[2023-05-02 20:00:04] winston info: Retrieved 0 products.
[2023-05-02 20:00:06] winston info: Request to get scrapper stats.
[2023-05-02 20:00:06] winston info: Scrapper status:
[2023-05-02 20:00:06] winston info: 
	status: Scrapper is running.,
	startTime: Tue May 02 2023 19:59:33 GMT+0530 (India Standard Time),
	keywords: water bottle,
	targetPrice: $5000
[2023-05-02 20:00:06] winston info: Request to get scraped data.
[2023-05-02 20:00:06] winston info: Retrieved 0 products.
[2023-05-02 20:00:12] winston info: Scrapper exited with code 0 and signal null.
[2023-05-02 20:00:12] winston info: Scrapper finished for "water bottle" with Target Price $5000 and execution time of 38.957 seconds.
[2023-05-02 20:00:12] winston info: Retrieved 498 products from CSV.
[2023-05-02 20:00:12] winston info: Waiting for 0 seconds for next scrapping.
[2023-05-02 20:00:12] winston info: Creating scrapper.
[2023-05-02 20:00:12] winston info: Successfully created scrapper.
[2023-05-02 20:00:17] winston info: Request to get scrapper stats.
[2023-05-02 20:00:17] winston info: Scrapper status:
[2023-05-02 20:00:17] winston info: 
	status: Scrapper is running.,
	startTime: Tue May 02 2023 19:59:33 GMT+0530 (India Standard Time),
	keywords: water bottle,
	targetPrice: $5000
[2023-05-02 20:00:17] winston info: Request to get scraped data.
[2023-05-02 20:00:17] winston info: Retrieved 0 products.
[2023-05-02 20:00:30] winston info: Request to get scrapper stats.
[2023-05-02 20:00:30] winston info: Scrapper status:
[2023-05-02 20:00:30] winston info: 
	status: Scrapper is running.,
	startTime: Tue May 02 2023 19:59:33 GMT+0530 (India Standard Time),
	keywords: water bottle,
	targetPrice: $5000
[2023-05-02 20:00:30] winston info: Request to get scraped data.
[2023-05-02 20:00:30] winston info: Retrieved 0 products.
[2023-05-02 20:00:38] winston info: Request to get scrapper stats.
[2023-05-02 20:00:38] winston info: Scrapper status:
[2023-05-02 20:00:38] winston info: 
	status: Scrapper is running.,
	startTime: Tue May 02 2023 19:59:33 GMT+0530 (India Standard Time),
	keywords: water bottle,
	targetPrice: $5000
[2023-05-02 20:00:38] winston info: Request to get scraped data.
[2023-05-02 20:00:38] winston info: Retrieved 0 products.
[2023-05-02 20:00:40] winston info: Request to get scrapper stats.
[2023-05-02 20:00:40] winston info: Scrapper status:
[2023-05-02 20:00:40] winston info: 
	status: Scrapper is running.,
	startTime: Tue May 02 2023 19:59:33 GMT+0530 (India Standard Time),
	keywords: water bottle,
	targetPrice: $5000
[2023-05-02 20:00:40] winston info: Request to get scraped data.
[2023-05-02 20:00:40] winston info: Retrieved 0 products.
[2023-05-02 20:00:40] winston info: Request to get scrapper stats.
[2023-05-02 20:00:40] winston info: Scrapper status:
[2023-05-02 20:00:40] winston info: 
	status: Scrapper is running.,
	startTime: Tue May 02 2023 19:59:33 GMT+0530 (India Standard Time),
	keywords: water bottle,
	targetPrice: $5000
[2023-05-02 20:00:40] winston info: Request to get scraped data.
[2023-05-02 20:00:40] winston info: Retrieved 0 products.
[2023-05-02 20:00:44] winston info: Request to get scrapper stats.
[2023-05-02 20:00:44] winston info: Scrapper status:
[2023-05-02 20:00:44] winston info: 
	status: Scrapper is running.,
	startTime: Tue May 02 2023 19:59:33 GMT+0530 (India Standard Time),
	keywords: water bottle,
	targetPrice: $5000
[2023-05-02 20:00:44] winston info: Request to get scraped data.
[2023-05-02 20:00:44] winston info: Retrieved 0 products.
[2023-05-02 20:00:47] winston info: Request to get scrapper stats.
[2023-05-02 20:00:47] winston info: Scrapper status:
[2023-05-02 20:00:47] winston info: 
	status: Scrapper is running.,
	startTime: Tue May 02 2023 19:59:33 GMT+0530 (India Standard Time),
	keywords: water bottle,
	targetPrice: $5000
[2023-05-02 20:00:47] winston info: Request to get scraped data.
[2023-05-02 20:00:47] winston info: Retrieved 0 products.
[2023-05-02 20:00:48] winston info: Scrapper exited with code 0 and signal null.
[2023-05-02 20:00:48] winston info: Scrapper finished for "water bottle" with Target Price $5000 and execution time of 75.136 seconds.
[2023-05-02 20:00:48] winston info: Retrieved 506 products from CSV.
[2023-05-02 20:00:48] winston info: Writing 157 to ./newItems.csv.
[2023-05-02 20:00:48] winston info: New Items found: 156.
[2023-05-02 20:00:48] winston info: Waiting for 0 seconds for next scrapping.
[2023-05-02 20:00:48] winston info: Creating scrapper.
[2023-05-02 20:00:48] winston info: Successfully created scrapper.
[2023-05-02 20:00:52] winston info: Email sent from botuse14@gmail.com to toofanbehera8008@gmail.com, receiver2@email.com with response: 250 2.0.0 OK  1683037852 f20-20020a056a00229400b0063799398eb9sm21937119pfe.58 - gsmtp.
[2023-05-02 20:00:56] winston info: Request to get scrapper stats.
[2023-05-02 20:00:56] winston info: Scrapper status:
[2023-05-02 20:00:56] winston info: 
	status: Scrapper is running.,
	startTime: Tue May 02 2023 19:59:33 GMT+0530 (India Standard Time),
	keywords: water bottle,
	targetPrice: $5000
[2023-05-02 20:00:56] winston info: Request to get scraped data.
[2023-05-02 20:00:56] winston info: Retrieved 156 products.
[2023-05-02 20:01:06] winston info: Request to get scrapper stats.
[2023-05-02 20:01:06] winston info: Scrapper status:
[2023-05-02 20:01:06] winston info: 
	status: Scrapper is running.,
	startTime: Tue May 02 2023 19:59:33 GMT+0530 (India Standard Time),
	keywords: water bottle,
	targetPrice: $5000
[2023-05-02 20:01:06] winston info: Request to get scraped data.
[2023-05-02 20:01:06] winston info: Retrieved 156 products.
[2023-05-02 20:01:17] winston info: Request to get scraped data.
[2023-05-02 20:01:17] winston info: Retrieved 156 products.
[2023-05-02 20:01:17] winston info: Request to get scrapper stats.
[2023-05-02 20:01:17] winston info: Scrapper status:
[2023-05-02 20:01:17] winston info: 
	status: Scrapper is running.,
	startTime: Tue May 02 2023 19:59:33 GMT+0530 (India Standard Time),
	keywords: water bottle,
	targetPrice: $5000
[2023-05-02 20:01:25] winston info: Scrapper exited with code 0 and signal null.
[2023-05-02 20:01:25] winston info: Scrapper finished for "water bottle" with Target Price $5000 and execution time of 112.212 seconds.
[2023-05-02 20:01:25] winston info: Retrieved 500 products from CSV.
[2023-05-02 20:01:25] winston info: Writing 99 to ./newItems.csv.
[2023-05-02 20:01:25] winston info: New Items found: 98.
[2023-05-02 20:01:25] winston info: Waiting for 0 seconds for next scrapping.
[2023-05-02 20:01:25] winston info: Creating scrapper.
[2023-05-02 20:01:25] winston info: Successfully created scrapper.
[2023-05-02 20:01:26] winston info: Request to get scrapper stats.
[2023-05-02 20:01:26] winston info: Scrapper status:
[2023-05-02 20:01:26] winston info: 
	status: Scrapper is running.,
	startTime: Tue May 02 2023 19:59:33 GMT+0530 (India Standard Time),
	keywords: water bottle,
	targetPrice: $5000
[2023-05-02 20:01:26] winston info: Request to get scraped data.
[2023-05-02 20:01:26] winston info: Retrieved 98 products.
[2023-05-02 20:01:28] winston info: Email sent from botuse14@gmail.com to toofanbehera8008@gmail.com, receiver2@email.com with response: 250 2.0.0 OK  1683037888 x30-20020a056a00189e00b0063f2e729127sm19015755pfh.144 - gsmtp.
[2023-05-02 22:18:15] winston info: Express Server running.
[2023-05-02 22:18:15] winston info: Express Server running on PORT 3000
[2023-05-02 22:18:32] winston info: Request to get scrapper stats.
[2023-05-02 22:18:32] winston info: Request to get scraped data.
[2023-05-02 22:18:44] winston info: Request to start scrape for keywords: "nvidia gpu 3060" and Target Price: $5000.
[2023-05-02 22:18:44] winston info: Scrapper started with keywords: "nvidia gpu 3060" and Target Price: $5000.
[2023-05-02 22:18:44] winston info: Creating scrapper.
[2023-05-02 22:18:44] winston info: Successfully created scrapper.
[2023-05-02 22:18:47] winston info: Request to get scrapper stats.
[2023-05-02 22:18:47] winston info: Scrapper status:
[2023-05-02 22:18:47] winston info: 
	status: Scrapper is running.,
	startTime: Tue May 02 2023 22:18:44 GMT+0530 (India Standard Time),
	keywords: nvidia gpu 3060,
	targetPrice: $5000
[2023-05-02 22:18:47] winston info: Request to get scraped data.
[2023-05-02 22:18:47] winston info: Retrieved 0 products.
[2023-05-02 22:18:51] winston info: Scrapper exited with code 0 and signal null.
[2023-05-02 22:18:51] winston info: Scrapper finished for "nvidia gpu 3060" with Target Price $5000 and execution time of 6.647 seconds.
[2023-05-02 22:18:51] winston info: Retrieved 115 products from CSV.
[2023-05-02 22:18:51] winston info: Waiting for 23.352 seconds for next scrapping.
[2023-05-02 22:19:14] winston info: Creating scrapper.
[2023-05-02 22:19:14] winston info: Successfully created scrapper.
[2023-05-02 22:19:20] winston info: Request to get scrapper stats.
[2023-05-02 22:19:20] winston info: Scrapper status:
[2023-05-02 22:19:20] winston info: 
	status: Scrapper is running.,
	startTime: Tue May 02 2023 22:18:44 GMT+0530 (India Standard Time),
	keywords: nvidia gpu 3060,
	targetPrice: $5000
[2023-05-02 22:19:20] winston info: Request to get scraped data.
[2023-05-02 22:19:20] winston info: Retrieved 0 products.
[2023-05-02 22:19:21] winston info: Scrapper exited with code 0 and signal null.
[2023-05-02 22:19:21] winston info: Scrapper finished for "nvidia gpu 3060" with Target Price $5000 and execution time of 36.091 seconds.
[2023-05-02 22:19:21] winston info: Retrieved 117 products from CSV.
[2023-05-02 22:19:21] winston info: Writing 5 to ./newItems.csv.
[2023-05-02 22:19:21] winston info: New Items found: 4.
[2023-05-02 22:19:21] winston info: Waiting for 23.91 seconds for next scrapping.
[2023-05-02 22:19:24] winston info: Email sent from botuse14@gmail.com to toofanbehera8008@gmail.com, receiver2@email.com with response: 250 2.0.0 OK  1683046164 u8-20020a170902bf4800b0019c13d032d8sm19963736pls.253 - gsmtp.
[2023-05-02 22:20:28] winston info: Express Server running.
[2023-05-02 22:20:28] winston info: Express Server running on PORT 3000
[2023-05-02 22:20:36] winston info: Request to start scrape for keywords: "nvidia gpu 3060" and Target Price: $5000.
[2023-05-02 22:20:36] winston info: Scrapper started with keywords: "nvidia gpu 3060" and Target Price: $5000.
[2023-05-02 22:20:36] winston info: Creating scrapper.
[2023-05-02 22:20:36] winston info: Successfully created scrapper.
[2023-05-02 22:20:38] winston info: Request to get scrapper stats.
[2023-05-02 22:20:38] winston info: Scrapper status:
[2023-05-02 22:20:38] winston info: 
	status: Scrapper is running.,
	startTime: Tue May 02 2023 22:20:36 GMT+0530 (India Standard Time),
	keywords: nvidia gpu 3060,
	targetPrice: $5000
[2023-05-02 22:20:38] winston info: Request to get scraped data.
[2023-05-02 22:20:38] winston info: Retrieved 0 products.
[2023-05-02 22:20:43] winston info: Scrapper exited with code 0 and signal null.
[2023-05-02 22:20:43] winston info: Scrapper finished for "nvidia gpu 3060" with Target Price $5000 and execution time of 6.521 seconds.
[2023-05-02 22:20:43] winston info: Retrieved 107 products from CSV.
[2023-05-02 22:20:43] winston info: Waiting for 23.475 seconds for next scrapping.
[2023-05-02 22:21:06] winston info: Creating scrapper.
[2023-05-02 22:21:06] winston info: Successfully created scrapper.
[2023-05-02 22:21:09] winston info: Request to get scrapper stats.
[2023-05-02 22:21:09] winston info: Scrapper status:
[2023-05-02 22:21:09] winston info: 
	status: Scrapper is running.,
	startTime: Tue May 02 2023 22:20:36 GMT+0530 (India Standard Time),
	keywords: nvidia gpu 3060,
	targetPrice: $5000
[2023-05-02 22:21:09] winston info: Request to get scraped data.
[2023-05-02 22:21:09] winston info: Retrieved 0 products.
[2023-05-02 22:21:12] winston info: Scrapper exited with code 0 and signal null.
[2023-05-02 22:21:12] winston info: Scrapper finished for "nvidia gpu 3060" with Target Price $5000 and execution time of 36.033 seconds.
[2023-05-02 22:21:12] winston info: Retrieved 112 products from CSV.
[2023-05-02 22:21:12] winston info: Writing 12 to ./newItems.csv.
[2023-05-02 22:21:12] winston info: New Items found: 11.
[2023-05-02 22:21:12] winston info: Waiting for 23.968 seconds for next scrapping.
[2023-05-02 22:21:14] winston info: Email sent from botuse14@gmail.com to toofanbehera8008@gmail.com, receiver2@email.com with response: 250 2.0.0 OK  1683046274 v7-20020a056a00148700b0063f534f8060sm17171292pfu.168 - gsmtp.
[2023-05-02 22:21:14] winston info: Request to get scrapper stats.
[2023-05-02 22:21:14] winston info: Scrapper status:
[2023-05-02 22:21:14] winston info: 
	status: Scrapper is running.,
	startTime: Tue May 02 2023 22:20:36 GMT+0530 (India Standard Time),
	keywords: nvidia gpu 3060,
	targetPrice: $5000
[2023-05-02 22:21:14] winston info: Request to get scraped data.
[2023-05-02 22:21:14] winston info: Retrieved 11 products.
[2023-05-02 22:21:36] winston info: Creating scrapper.
[2023-05-02 22:21:36] winston info: Successfully created scrapper.
[2023-05-02 22:21:41] winston info: Scrapper exited with code 0 and signal null.
[2023-05-02 22:21:41] winston info: Scrapper finished for "nvidia gpu 3060" with Target Price $5000 and execution time of 65.251 seconds.
[2023-05-02 22:21:41] winston info: Retrieved 119 products from CSV.
[2023-05-02 22:21:41] winston info: Writing 5 to ./newItems.csv.
[2023-05-02 22:21:41] winston info: New Items found: 4.
[2023-05-02 22:21:41] winston info: Waiting for 24.76 seconds for next scrapping.
[2023-05-02 22:21:59] winston info: Express Server running.
[2023-05-02 22:21:59] winston info: Express Server running on PORT 3000
[2023-05-02 22:22:08] winston info: Request to start scrape for keywords: "nvidia gpu 3060" and Target Price: $5000.
[2023-05-02 22:22:08] winston info: Scrapper started with keywords: "nvidia gpu 3060" and Target Price: $5000.
[2023-05-02 22:22:08] winston info: Creating scrapper.
[2023-05-02 22:22:08] winston info: Successfully created scrapper.
[2023-05-02 22:22:14] winston info: Scrapper exited with code 0 and signal null.
[2023-05-02 22:22:14] winston info: Scrapper finished for "nvidia gpu 3060" with Target Price $5000 and execution time of 6.123 seconds.
[2023-05-02 22:22:14] winston info: Retrieved 113 products from CSV.
[2023-05-02 22:22:14] winston info: Waiting for 23.874 seconds for next scrapping.
[2023-05-02 22:22:15] winston info: Request to get scrapper stats.
[2023-05-02 22:22:15] winston info: Scrapper status:
[2023-05-02 22:22:15] winston info: 
	status: Scrapper is running.,
	startTime: Tue May 02 2023 22:22:08 GMT+0530 (India Standard Time),
	keywords: nvidia gpu 3060,
	targetPrice: $5000
[2023-05-02 22:22:15] winston info: Request to get scraped data.
[2023-05-02 22:22:15] winston info: Retrieved 0 products.
[2023-05-02 22:22:38] winston info: Creating scrapper.
[2023-05-02 22:22:38] winston info: Successfully created scrapper.
[2023-05-02 22:22:44] winston info: Scrapper exited with code 0 and signal null.
[2023-05-02 22:22:44] winston info: Scrapper finished for "nvidia gpu 3060" with Target Price $5000 and execution time of 35.425 seconds.
[2023-05-02 22:22:44] winston info: Retrieved 112 products from CSV.
[2023-05-02 22:22:44] winston info: Writing 10 to ./newItems.csv.
[2023-05-02 22:22:44] winston info: New Items found: 9.
[2023-05-02 22:22:44] winston info: Waiting for 24.58 seconds for next scrapping.
[2023-05-02 22:22:46] winston info: Request to get scrapper stats.
[2023-05-02 22:22:46] winston info: Scrapper status:
[2023-05-02 22:22:46] winston info: 
	status: Scrapper is running.,
	startTime: Tue May 02 2023 22:22:08 GMT+0530 (India Standard Time),
	keywords: nvidia gpu 3060,
	targetPrice: $5000
[2023-05-02 22:22:46] winston info: Request to get scraped data.
[2023-05-02 22:22:46] winston info: Retrieved 9 products.
[2023-05-02 22:22:46] winston info: Email sent from botuse14@gmail.com to toofanbehera8008@gmail.com, receiver2@email.com with response: 250 2.0.0 OK  1683046366 d23-20020a170902aa9700b001a634e79af0sm3292304plr.283 - gsmtp.
[2023-05-02 22:23:08] winston info: Creating scrapper.
[2023-05-02 22:23:08] winston info: Successfully created scrapper.
[2023-05-02 22:23:15] winston info: Scrapper exited with code 0 and signal null.
[2023-05-02 22:23:15] winston info: Scrapper finished for "nvidia gpu 3060" with Target Price $5000 and execution time of 66.712 seconds.
[2023-05-02 22:23:15] winston info: Retrieved 112 products from CSV.
[2023-05-02 22:23:15] winston info: Writing 2 to ./newItems.csv.
[2023-05-02 22:23:15] winston info: New Items found: 1.
[2023-05-02 22:23:15] winston info: Waiting for 23.304 seconds for next scrapping.
[2023-05-02 22:23:18] winston info: Email sent from botuse14@gmail.com to toofanbehera8008@gmail.com, receiver2@email.com with response: 250 2.0.0 OK  1683046398 f14-20020a056a00238e00b00640e64aa9b7sm14685103pfc.10 - gsmtp.
[2023-05-02 22:23:25] winston info: Request to get scrapper stats.
[2023-05-02 22:23:25] winston info: Scrapper status:
[2023-05-02 22:23:25] winston info: 
	status: Scrapper is running.,
	startTime: Tue May 02 2023 22:22:08 GMT+0530 (India Standard Time),
	keywords: nvidia gpu 3060,
	targetPrice: $5000
[2023-05-02 22:23:25] winston info: Request to get scraped data.
[2023-05-02 22:23:25] winston info: Retrieved 1 products.
[2023-05-02 22:23:38] winston info: Creating scrapper.
[2023-05-02 22:23:38] winston info: Successfully created scrapper.
[2023-05-02 22:23:45] winston info: Scrapper exited with code 0 and signal null.
[2023-05-02 22:23:45] winston info: Scrapper finished for "nvidia gpu 3060" with Target Price $5000 and execution time of 96.325 seconds.
[2023-05-02 22:23:45] winston info: Retrieved 107 products from CSV.
[2023-05-02 22:23:45] winston info: Writing 2 to ./newItems.csv.
[2023-05-02 22:23:45] winston info: New Items found: 1.
[2023-05-02 22:23:45] winston info: Waiting for 23.702 seconds for next scrapping.
[2023-05-02 22:23:45] winston info: Request to get scrapper stats.
[2023-05-02 22:23:45] winston info: Scrapper status:
[2023-05-02 22:23:45] winston info: 
	status: Scrapper is running.,
	startTime: Tue May 02 2023 22:22:08 GMT+0530 (India Standard Time),
	keywords: nvidia gpu 3060,
	targetPrice: $5000
[2023-05-02 22:23:45] winston info: Request to get scraped data.
[2023-05-02 22:23:45] winston info: Retrieved 1 products.
[2023-05-02 22:23:47] winston info: Email sent from botuse14@gmail.com to toofanbehera8008@gmail.com, receiver2@email.com with response: 250 2.0.0 OK  1683046427 w2-20020a62c702000000b0063d3fbf4783sm21931122pfg.80 - gsmtp.
[2023-05-02 22:24:08] winston info: Creating scrapper.
[2023-05-02 22:24:08] winston info: Successfully created scrapper.
[2023-05-02 22:24:14] winston info: Scrapper exited with code 0 and signal null.
[2023-05-02 22:24:14] winston info: Scrapper finished for "nvidia gpu 3060" with Target Price $5000 and execution time of 126.223 seconds.
[2023-05-02 22:24:15] winston info: Retrieved 114 products from CSV.
[2023-05-02 22:24:15] winston info: Waiting for 23.81 seconds for next scrapping.
[2023-05-02 22:24:25] winston info: Request to get scrapper stats.
[2023-05-02 22:24:25] winston info: Scrapper status:
[2023-05-02 22:24:25] winston info: 
	status: Scrapper is running.,
	startTime: Tue May 02 2023 22:22:08 GMT+0530 (India Standard Time),
	keywords: nvidia gpu 3060,
	targetPrice: $5000
[2023-05-02 22:24:25] winston info: Request to get scraped data.
[2023-05-02 22:24:25] winston info: Retrieved 1 products.
[2023-05-02 22:24:38] winston info: Creating scrapper.
[2023-05-02 22:24:38] winston info: Successfully created scrapper.
[2023-05-02 22:24:45] winston info: Scrapper exited with code 0 and signal null.
[2023-05-02 22:24:45] winston info: Scrapper finished for "nvidia gpu 3060" with Target Price $5000 and execution time of 156.785 seconds.
[2023-05-02 22:24:45] winston info: Retrieved 120 products from CSV.
[2023-05-02 22:24:45] winston info: Writing 2 to ./newItems.csv.
[2023-05-02 22:24:45] winston info: New Items found: 1.
[2023-05-02 22:24:45] winston info: Waiting for 23.257 seconds for next scrapping.
[2023-05-02 22:24:47] winston info: Email sent from botuse14@gmail.com to toofanbehera8008@gmail.com, receiver2@email.com with response: 250 2.0.0 OK  1683046487 p5-20020a056a000b4500b0062a56e51fd7sm22018978pfo.188 - gsmtp.
[2023-05-02 22:24:50] winston info: Request to get scrapper stats.
[2023-05-02 22:24:50] winston info: Scrapper status:
[2023-05-02 22:24:50] winston info: 
	status: Scrapper is running.,
	startTime: Tue May 02 2023 22:22:08 GMT+0530 (India Standard Time),
	keywords: nvidia gpu 3060,
	targetPrice: $5000
[2023-05-02 22:24:50] winston info: Request to get scraped data.
[2023-05-02 22:24:50] winston info: Retrieved 1 products.
[2023-05-02 22:25:08] winston info: Creating scrapper.
[2023-05-02 22:25:08] winston info: Successfully created scrapper.
[2023-05-02 22:25:14] winston info: Scrapper exited with code 0 and signal null.
[2023-05-02 22:25:14] winston info: Scrapper finished for "nvidia gpu 3060" with Target Price $5000 and execution time of 185.389 seconds.
[2023-05-02 22:25:14] winston info: Retrieved 112 products from CSV.
[2023-05-02 22:25:14] winston info: Waiting for 24.665 seconds for next scrapping.
[2023-05-02 22:25:26] winston info: Request to get scrapper stats.
[2023-05-02 22:25:26] winston info: Scrapper status:
[2023-05-02 22:25:26] winston info: 
	status: Scrapper is running.,
	startTime: Tue May 02 2023 22:22:08 GMT+0530 (India Standard Time),
	keywords: nvidia gpu 3060,
	targetPrice: $5000
[2023-05-02 22:25:26] winston info: Request to get scraped data.
[2023-05-02 22:25:26] winston info: Retrieved 1 products.
[2023-05-02 22:25:38] winston info: Creating scrapper.
[2023-05-02 22:25:38] winston info: Successfully created scrapper.
[2023-05-02 22:25:45] winston info: Scrapper exited with code 0 and signal null.
[2023-05-02 22:25:45] winston info: Scrapper finished for "nvidia gpu 3060" with Target Price $5000 and execution time of 216.404 seconds.
[2023-05-02 22:25:45] winston info: Retrieved 116 products from CSV.
[2023-05-02 22:25:45] winston info: Waiting for 23.656 seconds for next scrapping.
[2023-05-02 22:25:53] winston info: Request to get scrapper stats.
[2023-05-02 22:25:53] winston info: Scrapper status:
[2023-05-02 22:25:53] winston info: 
	status: Scrapper is running.,
	startTime: Tue May 02 2023 22:22:08 GMT+0530 (India Standard Time),
	keywords: nvidia gpu 3060,
	targetPrice: $5000
[2023-05-02 22:25:53] winston info: Request to get scraped data.
[2023-05-02 22:25:53] winston info: Retrieved 1 products.
[2023-05-02 22:26:08] winston info: Creating scrapper.
[2023-05-02 22:26:08] winston info: Successfully created scrapper.
[2023-05-02 22:26:14] winston info: Scrapper exited with code 0 and signal null.
[2023-05-02 22:26:14] winston info: Scrapper finished for "nvidia gpu 3060" with Target Price $5000 and execution time of 245.93 seconds.
[2023-05-02 22:26:14] winston info: Retrieved 115 products from CSV.
[2023-05-02 22:26:14] winston info: Waiting for 24.136 seconds for next scrapping.
[2023-05-02 22:26:17] winston info: Request to get scrapper stats.
[2023-05-02 22:26:17] winston info: Scrapper status:
[2023-05-02 22:26:17] winston info: 
	status: Scrapper is running.,
	startTime: Tue May 02 2023 22:22:08 GMT+0530 (India Standard Time),
	keywords: nvidia gpu 3060,
	targetPrice: $5000
[2023-05-02 22:26:17] winston info: Request to get scraped data.
[2023-05-02 22:26:17] winston info: Retrieved 1 products.
[2023-05-02 22:26:38] winston info: Creating scrapper.
[2023-05-02 22:26:38] winston info: Successfully created scrapper.
[2023-05-02 22:26:44] winston info: Scrapper exited with code 0 and signal null.
[2023-05-02 22:26:44] winston info: Scrapper finished for "nvidia gpu 3060" with Target Price $5000 and execution time of 275.856 seconds.
[2023-05-02 22:26:44] winston info: Retrieved 117 products from CSV.
[2023-05-02 22:26:44] winston info: Waiting for 24.219 seconds for next scrapping.
[2023-05-02 22:26:50] winston info: Request to get scrapper stats.
[2023-05-02 22:26:50] winston info: Scrapper status:
[2023-05-02 22:26:50] winston info: 
	status: Scrapper is running.,
	startTime: Tue May 02 2023 22:22:08 GMT+0530 (India Standard Time),
	keywords: nvidia gpu 3060,
	targetPrice: $5000
[2023-05-02 22:26:50] winston info: Request to get scraped data.
[2023-05-02 22:26:50] winston info: Retrieved 1 products.
[2023-05-02 22:27:08] winston info: Creating scrapper.
[2023-05-02 22:27:08] winston info: Successfully created scrapper.
[2023-05-02 22:27:14] winston info: Scrapper exited with code 0 and signal null.
[2023-05-02 22:27:14] winston info: Scrapper finished for "nvidia gpu 3060" with Target Price $5000 and execution time of 305.762 seconds.
[2023-05-02 22:27:14] winston info: Retrieved 112 products from CSV.
[2023-05-02 22:27:14] winston info: Waiting for 24.318 seconds for next scrapping.
[2023-05-02 22:27:26] winston info: Request to get scrapper stats.
[2023-05-02 22:27:26] winston info: Scrapper status:
[2023-05-02 22:27:26] winston info: 
	status: Scrapper is running.,
	startTime: Tue May 02 2023 22:22:08 GMT+0530 (India Standard Time),
	keywords: nvidia gpu 3060,
	targetPrice: $5000
[2023-05-02 22:27:26] winston info: Request to get scraped data.
[2023-05-02 22:27:26] winston info: Retrieved 1 products.
[2023-05-02 22:27:38] winston info: Creating scrapper.
[2023-05-02 22:27:38] winston info: Successfully created scrapper.
[2023-05-02 22:27:45] winston info: Scrapper exited with code 0 and signal null.
[2023-05-02 22:27:45] winston info: Scrapper finished for "nvidia gpu 3060" with Target Price $5000 and execution time of 336.852 seconds.
[2023-05-02 22:27:45] winston info: Retrieved 115 products from CSV.
[2023-05-02 22:27:45] winston info: Waiting for 23.243 seconds for next scrapping.
[2023-05-02 22:27:53] winston info: Request to get scrapper stats.
[2023-05-02 22:27:53] winston info: Scrapper status:
[2023-05-02 22:27:53] winston info: 
	status: Scrapper is running.,
	startTime: Tue May 02 2023 22:22:08 GMT+0530 (India Standard Time),
	keywords: nvidia gpu 3060,
	targetPrice: $5000
[2023-05-02 22:27:53] winston info: Request to get scraped data.
[2023-05-02 22:27:53] winston info: Retrieved 1 products.
[2023-05-02 22:28:08] winston info: Creating scrapper.
[2023-05-02 22:28:08] winston info: Successfully created scrapper.
[2023-05-02 22:28:15] winston info: Scrapper exited with code 0 and signal null.
[2023-05-02 22:28:15] winston info: Scrapper finished for "nvidia gpu 3060" with Target Price $5000 and execution time of 366.95 seconds.
[2023-05-02 22:28:15] winston info: Retrieved 115 products from CSV.
[2023-05-02 22:28:15] winston info: Waiting for 23.152 seconds for next scrapping.
[2023-05-02 22:28:25] winston info: Request to get scrapper stats.
[2023-05-02 22:28:25] winston info: Scrapper status:
[2023-05-02 22:28:25] winston info: 
	status: Scrapper is running.,
	startTime: Tue May 02 2023 22:22:08 GMT+0530 (India Standard Time),
	keywords: nvidia gpu 3060,
	targetPrice: $5000
[2023-05-02 22:28:25] winston info: Request to get scraped data.
[2023-05-02 22:28:25] winston info: Retrieved 1 products.
[2023-05-02 22:28:38] winston info: Creating scrapper.
[2023-05-02 22:28:38] winston info: Successfully created scrapper.
[2023-05-02 22:28:44] winston info: Scrapper exited with code 0 and signal null.
[2023-05-02 22:28:44] winston info: Scrapper finished for "nvidia gpu 3060" with Target Price $5000 and execution time of 395.972 seconds.
[2023-05-02 22:28:44] winston info: Retrieved 116 products from CSV.
[2023-05-02 22:28:44] winston info: Writing 2 to ./newItems.csv.
[2023-05-02 22:28:44] winston info: New Items found: 1.
[2023-05-02 22:28:44] winston info: Waiting for 24.13 seconds for next scrapping.
[2023-05-02 22:28:47] winston info: Email sent from botuse14@gmail.com to toofanbehera8008@gmail.com, receiver2@email.com with response: 250 2.0.0 OK  1683046726 f1-20020a170902ff0100b001ab17dd739csm308684plj.110 - gsmtp.
[2023-05-02 22:28:48] winston info: Express Server running.
[2023-05-02 22:28:48] winston info: Express Server running on PORT 3000
