[2023-04-30 00:55:00] winston info: Express Server running.
[2023-04-30 00:55:00] winston info: Express Server running on PORT 3000
[2023-04-30 00:55:05] winston info: Request to start scrape for keywords: "nvidia gpu 3060" and Target Price: $5000.
[2023-04-30 00:55:05] winston info: Scrapper started with keywords: "nvidia gpu 3060" and Target Price: $5000.
[2023-04-30 00:55:05] winston info: Creating scrapper.
[2023-04-30 00:55:05] winston info: Successfully created scrapper.
[2023-04-30 00:55:08] winston info: Request to get scrapper stats.
[2023-04-30 00:55:08] winston info: Scrapper status:
[2023-04-30 00:55:08] winston info: 
	status: Scrapper is running.,
	startTime: Sun Apr 30 2023 00:55:05 GMT+0530 (India Standard Time),
	keywords: nvidia gpu 3060,
	targetPrice: $5000
[2023-04-30 00:55:10] winston info: Request to get scrapper stats.
[2023-04-30 00:55:10] winston info: Scrapper status:
[2023-04-30 00:55:10] winston info: 
	status: Scrapper is running.,
	startTime: Sun Apr 30 2023 00:55:05 GMT+0530 (India Standard Time),
	keywords: nvidia gpu 3060,
	targetPrice: $5000
[2023-04-30 00:55:10] winston info: Request to get scraped data.
[2023-04-30 00:55:10] winston info: Retrieved 0 products.
[2023-04-30 00:55:15] winston info: Scrapper exited with code 0 and signal null.
[2023-04-30 00:55:15] winston info: Scrapper finished for "nvidia gpu 3060" with Target Price $5000 and execution time of 9.975 seconds.
[2023-04-30 00:55:15] winston info: Retrieved 139 products from CSV.
[2023-04-30 00:55:15] winston info: Waiting for 0.019 seconds for next scrapping.
[2023-04-30 00:55:15] winston info: Creating scrapper.
[2023-04-30 00:55:15] winston info: Successfully created scrapper.
[2023-04-30 00:55:21] winston info: Request to get scrapper stats.
[2023-04-30 00:55:21] winston info: Scrapper status:
[2023-04-30 00:55:21] winston info: 
	status: Scrapper is running.,
	startTime: Sun Apr 30 2023 00:55:05 GMT+0530 (India Standard Time),
	keywords: nvidia gpu 3060,
	targetPrice: $5000
[2023-04-30 00:55:25] winston info: Scrapper exited with code 0 and signal null.
[2023-04-30 00:55:25] winston info: Scrapper finished for "nvidia gpu 3060" with Target Price $5000 and execution time of 19.66 seconds.
[2023-04-30 00:55:25] winston info: Retrieved 133 products from CSV.
[2023-04-30 00:55:25] winston info: Writing 4 to ./newItems.csv.
[2023-04-30 00:55:25] winston info: New Items found: 3.
[2023-04-30 00:55:25] winston info: Waiting for 0.334 seconds for next scrapping.
[2023-04-30 00:55:25] winston info: Creating scrapper.
[2023-04-30 00:55:25] winston info: Successfully created scrapper.
