2023-05-02 11:52:32,664 INFO: Starting web scraping job.
2023-05-02 11:52:32,666 INFO: Scrapping https://ebay.com/sch/i.html?_from=R40&_trksid=p2380057.m570.l1313&_nkw=nvidia+gpu+3060&sacat=0&pgn=1&rt=nc for "nvidia+gpu+3060" with target price of $5000.0
2023-05-02 11:52:32,666 INFO: Made request to https://ebay.com/sch/i.html?_from=R40&_trksid=p2380057.m570.l1313&_nkw=nvidia+gpu+3060&sacat=0&pgn=1&rt=nc with user-agent Mozilla/5.0 (Windows NT 6.1; Win64; x64; Trident/7.0; AS; rv:11.0) like Gecko
2023-05-02 11:52:34,835 INFO: Waiting for 0.7024326408156416 seconds.
2023-05-02 11:52:35,542 INFO: Scrapping https://ebay.com/sch/i.html?_from=R40&_nkw=nvidia+gpu+3060&sacat=0&_pgn=2&rt=nc for "nvidia+gpu+3060" with target price of $5000.0
2023-05-02 11:52:35,542 INFO: Made request to https://ebay.com/sch/i.html?_from=R40&_nkw=nvidia+gpu+3060&sacat=0&_pgn=2&rt=nc with user-agent Mozilla/5.0 (Windows NT 10.0; Win64; x64) AppleWebKit/537.36 (KHTML, like Gecko) Chrome/58.0.3029.81 Safari/537.36
2023-05-02 11:52:37,559 INFO: Dumped data to CSV.
2023-05-02 11:52:37,559 INFO: Scrapping for https://ebay.com done.
2023-05-02 11:52:37,559 INFO: Done Scrapping.
2023-05-02 11:52:38,386 INFO: Starting web scraping job.
2023-05-02 11:52:38,386 INFO: Scrapping https://ebay.com/sch/i.html?_from=R40&_trksid=p2380057.m570.l1313&_nkw=nvidia+gpu+3060&sacat=0&pgn=1&rt=nc for "nvidia+gpu+3060" with target price of $5000.0
2023-05-02 11:52:38,386 INFO: Made request to https://ebay.com/sch/i.html?_from=R40&_trksid=p2380057.m570.l1313&_nkw=nvidia+gpu+3060&sacat=0&pgn=1&rt=nc with user-agent Mozilla/5.0 (Windows NT 10.0; Win64; x64) AppleWebKit/537.36 (KHTML, like Gecko) Chrome/58.0.3029.110 Safari/537.36 Vivaldi/1.8.770.56
2023-05-02 11:52:40,271 INFO: Waiting for 1.4445474623113486 seconds.
2023-05-02 11:52:41,721 INFO: Scrapping https://ebay.com/sch/i.html?_from=R40&_nkw=nvidia+gpu+3060&sacat=0&_pgn=2&rt=nc for "nvidia+gpu+3060" with target price of $5000.0
2023-05-02 11:52:41,722 INFO: Made request to https://ebay.com/sch/i.html?_from=R40&_nkw=nvidia+gpu+3060&sacat=0&_pgn=2&rt=nc with user-agent Mozilla/5.0 (Windows NT 10.0; Win64; x64) AppleWebKit/603.2.4 (KHTML, like Gecko) Version/10.1.1 Safari/603.2.4
2023-05-02 11:52:43,935 INFO: Dumped data to CSV.
2023-05-02 11:52:43,935 INFO: Scrapping for https://ebay.com done.
2023-05-02 11:52:43,935 INFO: Done Scrapping.
2023-05-02 12:09:43,174 INFO: Starting web scraping job.
2023-05-02 12:09:43,174 INFO: Scrapping https://ebay.com/sch/i.html?_from=R40&_trksid=p2380057.m570.l1313&_nkw=nvidia+gpu+3060&sacat=0&pgn=1&rt=nc for "nvidia+gpu+3060" with target price of $5000.0
2023-05-02 12:09:43,175 INFO: Made request to https://ebay.com/sch/i.html?_from=R40&_trksid=p2380057.m570.l1313&_nkw=nvidia+gpu+3060&sacat=0&pgn=1&rt=nc with user-agent Mozilla/5.0 (Windows NT 10.0; WOW64; Trident/7.0; AS; rv:11.0) like Gecko
2023-05-02 12:09:45,095 INFO: Waiting for 1.111611380886407 seconds.
2023-05-02 12:09:46,212 INFO: Scrapping https://ebay.com/sch/i.html?_from=R40&_nkw=nvidia+gpu+3060&sacat=0&_pgn=2&rt=nc for "nvidia+gpu+3060" with target price of $5000.0
2023-05-02 12:09:46,213 INFO: Made request to https://ebay.com/sch/i.html?_from=R40&_nkw=nvidia+gpu+3060&sacat=0&_pgn=2&rt=nc with user-agent Mozilla/5.0 (Windows NT 10.0; Win64; x64) AppleWebKit/603.2.4 (KHTML, like Gecko) Version/10.1.1 Safari/603.2.4
2023-05-02 12:09:48,579 INFO: Dumped data to CSV.
2023-05-02 12:09:48,580 INFO: Scrapping for https://ebay.com done.
2023-05-02 12:09:48,580 INFO: Done Scrapping.
2023-05-02 12:09:52,688 INFO: Starting web scraping job.
2023-05-02 12:09:52,688 INFO: Scrapping https://ebay.com/sch/i.html?_from=R40&_trksid=p2380057.m570.l1313&_nkw=nvidia+gpu+3060&sacat=0&pgn=1&rt=nc for "nvidia+gpu+3060" with target price of $5000.0
2023-05-02 12:09:52,688 INFO: Made request to https://ebay.com/sch/i.html?_from=R40&_trksid=p2380057.m570.l1313&_nkw=nvidia+gpu+3060&sacat=0&pgn=1&rt=nc with user-agent Mozilla/5.0 (Windows NT 10.0; Win64; x64) AppleWebKit/537.36 (KHTML, like Gecko) Chrome/58.0.3029.110 Safari/537.36 Vivaldi/1.8.770.56
2023-05-02 12:09:54,592 INFO: Waiting for 0.5469840739565297 seconds.
2023-05-02 12:09:55,145 INFO: Scrapping https://ebay.com/sch/i.html?_from=R40&_nkw=nvidia+gpu+3060&sacat=0&_pgn=2&rt=nc for "nvidia+gpu+3060" with target price of $5000.0
2023-05-02 12:09:55,145 INFO: Made request to https://ebay.com/sch/i.html?_from=R40&_nkw=nvidia+gpu+3060&sacat=0&_pgn=2&rt=nc with user-agent Mozilla/5.0 (Windows NT 6.1; WOW64; Trident/7.0; AS; rv:11.0) like Gecko
2023-05-02 12:09:56,881 INFO: Dumped data to CSV.
2023-05-02 12:09:56,881 INFO: Scrapping for https://ebay.com done.
2023-05-02 12:09:56,881 INFO: Done Scrapping.
2023-05-02 12:10:02,583 INFO: Starting web scraping job.
2023-05-02 12:10:02,583 INFO: Scrapping https://ebay.com/sch/i.html?_from=R40&_trksid=p2380057.m570.l1313&_nkw=nvidia+gpu+3060&sacat=0&pgn=1&rt=nc for "nvidia+gpu+3060" with target price of $5000.0
2023-05-02 12:10:02,583 INFO: Made request to https://ebay.com/sch/i.html?_from=R40&_trksid=p2380057.m570.l1313&_nkw=nvidia+gpu+3060&sacat=0&pgn=1&rt=nc with user-agent Mozilla/5.0 (Windows NT 10.0; WOW64; Trident/7.0; AS; rv:11.0) like Gecko
2023-05-02 12:10:04,429 INFO: Waiting for 1.9390798739138038 seconds.
2023-05-02 12:10:06,374 INFO: Scrapping https://ebay.com/sch/i.html?_from=R40&_nkw=nvidia+gpu+3060&sacat=0&_pgn=2&rt=nc for "nvidia+gpu+3060" with target price of $5000.0
2023-05-02 12:10:06,375 INFO: Made request to https://ebay.com/sch/i.html?_from=R40&_nkw=nvidia+gpu+3060&sacat=0&_pgn=2&rt=nc with user-agent Mozilla/5.0 (Windows NT 10.0; Win64; x64) AppleWebKit/537.36 (KHTML, like Gecko) Chrome/58.0.3029.110 Safari/537.36 Whale/0.7.19.6
2023-05-02 12:10:09,285 INFO: Dumped data to CSV.
2023-05-02 12:10:09,285 INFO: Scrapping for https://ebay.com done.
2023-05-02 12:10:09,285 INFO: Done Scrapping.
2023-05-02 12:10:12,578 INFO: Starting web scraping job.
2023-05-02 12:10:12,578 INFO: Scrapping https://ebay.com/sch/i.html?_from=R40&_trksid=p2380057.m570.l1313&_nkw=nvidia+gpu+3060&sacat=0&pgn=1&rt=nc for "nvidia+gpu+3060" with target price of $5000.0
2023-05-02 12:10:12,578 INFO: Made request to https://ebay.com/sch/i.html?_from=R40&_trksid=p2380057.m570.l1313&_nkw=nvidia+gpu+3060&sacat=0&pgn=1&rt=nc with user-agent Mozilla/5.0 (Windows NT 10.0; Win64; x64) AppleWebKit/537.36 (KHTML, like Gecko) Chrome/58.0.3029.110 Safari/537.36 OPR/45.0.2552.898
2023-05-02 12:10:14,478 INFO: Waiting for 1.7134987071607324 seconds.
2023-05-02 12:10:16,196 INFO: Scrapping https://ebay.com/sch/i.html?_from=R40&_nkw=nvidia+gpu+3060&sacat=0&_pgn=2&rt=nc for "nvidia+gpu+3060" with target price of $5000.0
2023-05-02 12:10:16,197 INFO: Made request to https://ebay.com/sch/i.html?_from=R40&_nkw=nvidia+gpu+3060&sacat=0&_pgn=2&rt=nc with user-agent Mozilla/5.0 (Windows NT 10.0; Win64; x64) AppleWebKit/537.36 (KHTML, like Gecko) Chrome/58.0.3029.81 Safari/537.36
2023-05-02 12:10:17,995 INFO: Dumped data to CSV.
2023-05-02 12:10:17,995 INFO: Scrapping for https://ebay.com done.
2023-05-02 12:10:17,995 INFO: Done Scrapping.
2023-05-02 12:11:23,537 INFO: Starting web scraping job.
2023-05-02 12:11:23,538 INFO: Scrapping https://ebay.com/sch/i.html?_from=R40&_trksid=p2380057.m570.l1313&_nkw=nvidia+gpu+3060&sacat=0&pgn=1&rt=nc for "nvidia+gpu+3060" with target price of $5000.0
2023-05-02 12:11:23,538 INFO: Made request to https://ebay.com/sch/i.html?_from=R40&_trksid=p2380057.m570.l1313&_nkw=nvidia+gpu+3060&sacat=0&pgn=1&rt=nc with user-agent Mozilla/5.0 (Windows NT 10.0; Win64; x64) AppleWebKit/537.36 (KHTML, like Gecko) Chrome/58.0.3029.110 Safari/537.36 ArcBrower/42.0.2311.135
2023-05-02 12:11:25,552 INFO: Waiting for 0.5283257295125832 seconds.
2023-05-02 12:11:26,086 INFO: Scrapping https://ebay.com/sch/i.html?_from=R40&_nkw=nvidia+gpu+3060&sacat=0&_pgn=2&rt=nc for "nvidia+gpu+3060" with target price of $5000.0
2023-05-02 12:11:26,086 INFO: Made request to https://ebay.com/sch/i.html?_from=R40&_nkw=nvidia+gpu+3060&sacat=0&_pgn=2&rt=nc with user-agent Mozilla/5.0 (Windows NT 10.0; Win64; x64) AppleWebKit/537.36 (KHTML, like Gecko) Chrome/58.0.3029.110 Safari/537.36 Whale/0.7.19.6
2023-05-02 12:11:28,135 INFO: Dumped data to CSV.
2023-05-02 12:11:28,135 INFO: Scrapping for https://ebay.com done.
2023-05-02 12:11:28,135 INFO: Done Scrapping.
2023-05-02 12:12:27,496 INFO: Starting web scraping job.
2023-05-02 12:12:27,496 INFO: Scrapping https://ebay.com/sch/i.html?_from=R40&_trksid=p2380057.m570.l1313&_nkw=nvidia+gpu+3060&sacat=0&pgn=1&rt=nc for "nvidia+gpu+3060" with target price of $5000.0
2023-05-02 12:12:27,496 INFO: Made request to https://ebay.com/sch/i.html?_from=R40&_trksid=p2380057.m570.l1313&_nkw=nvidia+gpu+3060&sacat=0&pgn=1&rt=nc with user-agent Mozilla/5.0 (Windows NT 10.0; Win64; x64) AppleWebKit/537.36 (KHTML, like Gecko) Chrome/58.0.3029.110 Safari/537.36
2023-05-02 12:12:29,531 INFO: Waiting for 0.5438143310702217 seconds.
2023-05-02 12:12:30,080 INFO: Scrapping https://ebay.com/sch/i.html?_from=R40&_nkw=nvidia+gpu+3060&sacat=0&_pgn=2&rt=nc for "nvidia+gpu+3060" with target price of $5000.0
2023-05-02 12:12:30,080 INFO: Made request to https://ebay.com/sch/i.html?_from=R40&_nkw=nvidia+gpu+3060&sacat=0&_pgn=2&rt=nc with user-agent Mozilla/5.0 (Windows NT 10.0; Win64; x64) AppleWebKit/537.36 (KHTML, like Gecko) Chrome/58.0.3029.110 Safari/537.36 Whale/0.7.19.6
2023-05-02 12:12:33,404 INFO: Dumped data to CSV.
2023-05-02 12:12:33,405 INFO: Scrapping for https://ebay.com done.
2023-05-02 12:12:33,405 INFO: Done Scrapping.
2023-05-02 12:14:23,919 INFO: Starting web scraping job.
2023-05-02 12:14:23,920 INFO: Scrapping https://ebay.com/sch/i.html?_from=R40&_trksid=p2380057.m570.l1313&_nkw=nvidia+gpu+3060&sacat=0&pgn=1&rt=nc for "nvidia+gpu+3060" with target price of $5000.0
2023-05-02 12:14:23,920 INFO: Made request to https://ebay.com/sch/i.html?_from=R40&_trksid=p2380057.m570.l1313&_nkw=nvidia+gpu+3060&sacat=0&pgn=1&rt=nc with user-agent Mozilla/5.0 (Windows NT 10.0; Win64; x64) AppleWebKit/603.2.4 (KHTML, like Gecko) Version/10.1.1 Safari/603.2.4
2023-05-02 12:14:25,911 INFO: Waiting for 0.8219930605565335 seconds.
2023-05-02 12:14:26,738 INFO: Scrapping https://ebay.com/sch/i.html?_from=R40&_nkw=nvidia+gpu+3060&sacat=0&_pgn=2&rt=nc for "nvidia+gpu+3060" with target price of $5000.0
2023-05-02 12:14:26,739 INFO: Made request to https://ebay.com/sch/i.html?_from=R40&_nkw=nvidia+gpu+3060&sacat=0&_pgn=2&rt=nc with user-agent Mozilla/5.0 (Windows NT 10.0; Win64; x64) AppleWebKit/537.36 (KHTML, like Gecko) Chrome/58.0.3029.110 Safari/537.36 Vivaldi/1.8.770.56
2023-05-02 12:14:28,571 INFO: Dumped data to CSV.
2023-05-02 12:14:28,571 INFO: Scrapping for https://ebay.com done.
2023-05-02 12:14:28,571 INFO: Done Scrapping.
2023-05-02 12:14:48,875 INFO: Starting web scraping job.
2023-05-02 12:14:48,875 INFO: Scrapping https://ebay.com/sch/i.html?_from=R40&_trksid=p2380057.m570.l1313&_nkw=nvidia+gpu+3060&sacat=0&pgn=1&rt=nc for "nvidia+gpu+3060" with target price of $5000.0
2023-05-02 12:14:48,875 INFO: Made request to https://ebay.com/sch/i.html?_from=R40&_trksid=p2380057.m570.l1313&_nkw=nvidia+gpu+3060&sacat=0&pgn=1&rt=nc with user-agent Mozilla/5.0 (Windows NT 6.1; WOW64) AppleWebKit/537.36 (KHTML, like Gecko) Chrome/58.0.3029.110 Safari/537.36
2023-05-02 12:14:50,841 INFO: Waiting for 1.5784030928838964 seconds.
2023-05-02 12:14:52,424 INFO: Scrapping https://ebay.com/sch/i.html?_from=R40&_nkw=nvidia+gpu+3060&sacat=0&_pgn=2&rt=nc for "nvidia+gpu+3060" with target price of $5000.0
2023-05-02 12:14:52,425 INFO: Made request to https://ebay.com/sch/i.html?_from=R40&_nkw=nvidia+gpu+3060&sacat=0&_pgn=2&rt=nc with user-agent Mozilla/5.0 (Windows NT 10.0; Win64; x64) AppleWebKit/537.36 (KHTML, like Gecko) Chrome/58.0.3029.81 Safari/537.36
2023-05-02 12:14:54,358 INFO: Dumped data to CSV.
2023-05-02 12:14:54,359 INFO: Scrapping for https://ebay.com done.
2023-05-02 12:14:54,359 INFO: Done Scrapping.
2023-05-02 12:14:59,022 INFO: Starting web scraping job.
2023-05-02 12:14:59,022 INFO: Scrapping https://ebay.com/sch/i.html?_from=R40&_trksid=p2380057.m570.l1313&_nkw=nvidia+gpu+3060&sacat=0&pgn=1&rt=nc for "nvidia+gpu+3060" with target price of $5000.0
2023-05-02 12:14:59,022 INFO: Made request to https://ebay.com/sch/i.html?_from=R40&_trksid=p2380057.m570.l1313&_nkw=nvidia+gpu+3060&sacat=0&pgn=1&rt=nc with user-agent Mozilla/5.0 (Windows NT 10.0; Win64; x64; Trident/7.0; AS; rv:11.0) like Gecko
2023-05-02 12:15:00,808 INFO: Waiting for 1.4207540745111253 seconds.
2023-05-02 12:15:02,234 INFO: Scrapping https://ebay.com/sch/i.html?_from=R40&_nkw=nvidia+gpu+3060&sacat=0&_pgn=2&rt=nc for "nvidia+gpu+3060" with target price of $5000.0
2023-05-02 12:15:02,234 INFO: Made request to https://ebay.com/sch/i.html?_from=R40&_nkw=nvidia+gpu+3060&sacat=0&_pgn=2&rt=nc with user-agent Mozilla/5.0 (Windows NT 10.0; Win64; x64) AppleWebKit/537.36 (KHTML, like Gecko) Chrome/58.0.3029.110 Safari/537.36 Whale/0.7.19.6
2023-05-02 12:15:04,015 INFO: Dumped data to CSV.
2023-05-02 12:15:04,015 INFO: Scrapping for https://ebay.com done.
2023-05-02 12:15:04,015 INFO: Done Scrapping.
2023-05-02 12:15:08,834 INFO: Starting web scraping job.
2023-05-02 12:15:08,834 INFO: Scrapping https://ebay.com/sch/i.html?_from=R40&_trksid=p2380057.m570.l1313&_nkw=nvidia+gpu+3060&sacat=0&pgn=1&rt=nc for "nvidia+gpu+3060" with target price of $5000.0
2023-05-02 12:15:08,834 INFO: Made request to https://ebay.com/sch/i.html?_from=R40&_trksid=p2380057.m570.l1313&_nkw=nvidia+gpu+3060&sacat=0&pgn=1&rt=nc with user-agent Mozilla/5.0 (Windows NT 6.1; WOW64) AppleWebKit/537.36 (KHTML, like Gecko) Chrome/58.0.3029.81 Safari/537.36
2023-05-02 12:15:10,661 INFO: Waiting for 0.7156053622999408 seconds.
2023-05-02 12:15:11,382 INFO: Scrapping https://ebay.com/sch/i.html?_from=R40&_nkw=nvidia+gpu+3060&sacat=0&_pgn=2&rt=nc for "nvidia+gpu+3060" with target price of $5000.0
2023-05-02 12:15:11,382 INFO: Made request to https://ebay.com/sch/i.html?_from=R40&_nkw=nvidia+gpu+3060&sacat=0&_pgn=2&rt=nc with user-agent Mozilla/5.0 (Windows NT 10.0; Win64; x64) AppleWebKit/537.36 (KHTML, like Gecko) Chrome/58.0.3029.110 Safari/537.36 Whale/0.7.14.16
2023-05-02 12:15:13,409 INFO: Dumped data to CSV.
2023-05-02 12:15:13,409 INFO: Scrapping for https://ebay.com done.
2023-05-02 12:15:13,409 INFO: Done Scrapping.
2023-05-02 12:15:19,903 INFO: Starting web scraping job.
2023-05-02 12:15:19,903 INFO: Scrapping https://ebay.com/sch/i.html?_from=R40&_trksid=p2380057.m570.l1313&_nkw=nvidia+gpu+3060&sacat=0&pgn=1&rt=nc for "nvidia+gpu+3060" with target price of $5000.0
2023-05-02 12:15:19,903 INFO: Made request to https://ebay.com/sch/i.html?_from=R40&_trksid=p2380057.m570.l1313&_nkw=nvidia+gpu+3060&sacat=0&pgn=1&rt=nc with user-agent Mozilla/5.0 (Windows NT 10.0; Win64; x64) AppleWebKit/537.36 (KHTML, like Gecko) Chrome/58.0.3029.110 Safari/537.36 Sleipnir/6.2.12
2023-05-02 12:15:21,682 INFO: Waiting for 0.5770546782923311 seconds.
2023-05-02 12:15:22,264 INFO: Scrapping https://ebay.com/sch/i.html?_from=R40&_nkw=nvidia+gpu+3060&sacat=0&_pgn=2&rt=nc for "nvidia+gpu+3060" with target price of $5000.0
2023-05-02 12:15:22,264 INFO: Made request to https://ebay.com/sch/i.html?_from=R40&_nkw=nvidia+gpu+3060&sacat=0&_pgn=2&rt=nc with user-agent Mozilla/5.0 (Windows NT 10.0; Win64; x64) AppleWebKit/537.36 (KHTML, like Gecko) Chrome/58.0.3029.110 Safari/537.36 OPR/45.0.2552.881
2023-05-02 12:15:24,272 INFO: Dumped data to CSV.
2023-05-02 12:15:24,272 INFO: Scrapping for https://ebay.com done.
2023-05-02 12:15:24,272 INFO: Done Scrapping.
2023-05-02 12:15:28,879 INFO: Starting web scraping job.
2023-05-02 12:15:28,879 INFO: Scrapping https://ebay.com/sch/i.html?_from=R40&_trksid=p2380057.m570.l1313&_nkw=nvidia+gpu+3060&sacat=0&pgn=1&rt=nc for "nvidia+gpu+3060" with target price of $5000.0
2023-05-02 12:15:28,879 INFO: Made request to https://ebay.com/sch/i.html?_from=R40&_trksid=p2380057.m570.l1313&_nkw=nvidia+gpu+3060&sacat=0&pgn=1&rt=nc with user-agent Mozilla/5.0 (Windows NT 6.1; Win64; x64; Trident/7.0; AS; rv:11.0) like Gecko
2023-05-02 12:15:30,682 INFO: Waiting for 1.7389880426810171 seconds.
2023-05-02 12:15:32,426 INFO: Scrapping https://ebay.com/sch/i.html?_from=R40&_nkw=nvidia+gpu+3060&sacat=0&_pgn=2&rt=nc for "nvidia+gpu+3060" with target price of $5000.0
2023-05-02 12:15:32,427 INFO: Made request to https://ebay.com/sch/i.html?_from=R40&_nkw=nvidia+gpu+3060&sacat=0&_pgn=2&rt=nc with user-agent Mozilla/5.0 (Windows NT 6.1; Win64; x64; Trident/7.0; AS; rv:11.0) like Gecko
2023-05-02 12:15:34,403 INFO: Dumped data to CSV.
2023-05-02 12:15:34,403 INFO: Scrapping for https://ebay.com done.
2023-05-02 12:15:34,403 INFO: Done Scrapping.
2023-05-02 12:15:38,811 INFO: Starting web scraping job.
2023-05-02 12:15:38,811 INFO: Scrapping https://ebay.com/sch/i.html?_from=R40&_trksid=p2380057.m570.l1313&_nkw=nvidia+gpu+3060&sacat=0&pgn=1&rt=nc for "nvidia+gpu+3060" with target price of $5000.0
2023-05-02 12:15:38,812 INFO: Made request to https://ebay.com/sch/i.html?_from=R40&_trksid=p2380057.m570.l1313&_nkw=nvidia+gpu+3060&sacat=0&pgn=1&rt=nc with user-agent Mozilla/5.0 (Windows NT 6.1; WOW64) AppleWebKit/537.36 (KHTML, like Gecko) Chrome/58.0.3029.81 Safari/537.36
2023-05-02 12:15:40,679 INFO: Waiting for 0.5745706178577782 seconds.
2023-05-02 12:15:41,259 INFO: Scrapping https://ebay.com/sch/i.html?_from=R40&_nkw=nvidia+gpu+3060&sacat=0&_pgn=2&rt=nc for "nvidia+gpu+3060" with target price of $5000.0
2023-05-02 12:15:41,259 INFO: Made request to https://ebay.com/sch/i.html?_from=R40&_nkw=nvidia+gpu+3060&sacat=0&_pgn=2&rt=nc with user-agent Mozilla/5.0 (Windows NT 10.0; Win64; x64) AppleWebKit/537.36 (KHTML, like Gecko) Chrome/58.0.3029.110 Safari/537.36 OPR/45.0.2552.898
2023-05-02 12:15:43,242 INFO: Dumped data to CSV.
2023-05-02 12:15:43,242 INFO: Scrapping for https://ebay.com done.
2023-05-02 12:15:43,242 INFO: Done Scrapping.
2023-05-02 12:15:48,817 INFO: Starting web scraping job.
2023-05-02 12:15:48,818 INFO: Scrapping https://ebay.com/sch/i.html?_from=R40&_trksid=p2380057.m570.l1313&_nkw=nvidia+gpu+3060&sacat=0&pgn=1&rt=nc for "nvidia+gpu+3060" with target price of $5000.0
2023-05-02 12:15:48,818 INFO: Made request to https://ebay.com/sch/i.html?_from=R40&_trksid=p2380057.m570.l1313&_nkw=nvidia+gpu+3060&sacat=0&pgn=1&rt=nc with user-agent Mozilla/5.0 (Windows NT 6.1; WOW64) AppleWebKit/537.36 (KHTML, like Gecko) Chrome/58.0.3029.110 Safari/537.36
2023-05-02 12:15:50,761 INFO: Waiting for 1.234010535543419 seconds.
2023-05-02 12:15:51,997 INFO: Scrapping https://ebay.com/sch/i.html?_from=R40&_nkw=nvidia+gpu+3060&sacat=0&_pgn=2&rt=nc for "nvidia+gpu+3060" with target price of $5000.0
2023-05-02 12:15:51,997 INFO: Made request to https://ebay.com/sch/i.html?_from=R40&_nkw=nvidia+gpu+3060&sacat=0&_pgn=2&rt=nc with user-agent Mozilla/5.0 (Windows NT 10.0; Win64; x64) AppleWebKit/537.36 (KHTML, like Gecko) Chrome/58.0.3029.110 Safari/537.36 OPR/45.0.2552.888
2023-05-02 12:15:53,914 INFO: Dumped data to CSV.
2023-05-02 12:15:53,914 INFO: Scrapping for https://ebay.com done.
2023-05-02 12:15:53,914 INFO: Done Scrapping.
2023-05-02 12:17:18,188 INFO: Starting web scraping job.
2023-05-02 12:17:18,188 INFO: Scrapping https://ebay.com/sch/i.html?_from=R40&_trksid=p2380057.m570.l1313&_nkw=water+bottle&sacat=0&pgn=1&rt=nc for "water+bottle" with target price of $3000.0
2023-05-02 12:17:18,188 INFO: Made request to https://ebay.com/sch/i.html?_from=R40&_trksid=p2380057.m570.l1313&_nkw=water+bottle&sacat=0&pgn=1&rt=nc with user-agent Mozilla/5.0 (Windows NT 10.0; Win64; x64) AppleWebKit/537.36 (KHTML, like Gecko) Chrome/58.0.3029.110 Safari/537.36 OPR/45.0.2552.888
2023-05-02 12:17:20,463 INFO: Waiting for 1.8580490413015869 seconds.
2023-05-02 12:17:22,326 INFO: Scrapping https://ebay.com/sch/i.html?_from=R40&_nkw=water+bottle&sacat=0&_pgn=2&rt=nc for "water+bottle" with target price of $3000.0
2023-05-02 12:17:22,327 INFO: Made request to https://ebay.com/sch/i.html?_from=R40&_nkw=water+bottle&sacat=0&_pgn=2&rt=nc with user-agent Mozilla/5.0 (Windows NT 10.0; Win64; x64) AppleWebKit/537.36 (KHTML, like Gecko) Chrome/58.0.3029.110 Safari/537.36 Whale/0.7.14.16
2023-05-02 12:17:24,662 INFO: Waiting for 1.3908275230273492 seconds.
2023-05-02 12:17:26,059 INFO: Scrapping https://ebay.com/sch/i.html?_from=R40&_nkw=water+bottle&sacat=0&_pgn=3&rt=nc for "water+bottle" with target price of $3000.0
2023-05-02 12:17:26,059 INFO: Made request to https://ebay.com/sch/i.html?_from=R40&_nkw=water+bottle&sacat=0&_pgn=3&rt=nc with user-agent Mozilla/5.0 (Windows NT 10.0; Win64; x64) AppleWebKit/537.36 (KHTML, like Gecko) Chrome/58.0.3029.110 Safari/537.36 Sleipnir/6.2.12
2023-05-02 12:17:28,197 INFO: Waiting for 1.6182418971268677 seconds.
2023-05-02 12:17:29,820 INFO: Scrapping https://ebay.com/sch/i.html?_from=R40&_nkw=water+bottle&sacat=0&_pgn=4&rt=nc for "water+bottle" with target price of $3000.0
2023-05-02 12:17:29,821 INFO: Made request to https://ebay.com/sch/i.html?_from=R40&_nkw=water+bottle&sacat=0&_pgn=4&rt=nc with user-agent Mozilla/5.0 (Windows NT 10.0; Win64; x64) AppleWebKit/537.36 (KHTML, like Gecko) Chrome/58.0.3029.110 Safari/537.36 Whale/0.7.14.16
2023-05-02 12:17:32,059 INFO: Waiting for 1.0459351208668064 seconds.
2023-05-02 12:17:33,110 INFO: Scrapping https://ebay.com/sch/i.html?_from=R40&_nkw=water+bottle&sacat=0&_pgn=5&rt=nc for "water+bottle" with target price of $3000.0
2023-05-02 12:17:33,111 INFO: Made request to https://ebay.com/sch/i.html?_from=R40&_nkw=water+bottle&sacat=0&_pgn=5&rt=nc with user-agent Mozilla/5.0 (Windows NT 6.1; WOW64) AppleWebKit/537.36 (KHTML, like Gecko) Chrome/58.0.3029.81 Safari/537.36
2023-05-02 12:17:35,568 INFO: Waiting for 0.717372904714627 seconds.
2023-05-02 12:17:36,291 INFO: Scrapping https://ebay.com/sch/i.html?_from=R40&_nkw=water+bottle&sacat=0&_pgn=6&rt=nc for "water+bottle" with target price of $3000.0
2023-05-02 12:17:36,291 INFO: Made request to https://ebay.com/sch/i.html?_from=R40&_nkw=water+bottle&sacat=0&_pgn=6&rt=nc with user-agent Mozilla/5.0 (Windows NT 10.0; WOW64; Trident/7.0; AS; rv:11.0) like Gecko
2023-05-02 12:17:38,859 INFO: Waiting for 0.7961879454616856 seconds.
2023-05-02 12:17:39,661 INFO: Scrapping https://ebay.com/sch/i.html?_from=R40&_nkw=water+bottle&sacat=0&_pgn=7&rt=nc for "water+bottle" with target price of $3000.0
2023-05-02 12:17:39,661 INFO: Made request to https://ebay.com/sch/i.html?_from=R40&_nkw=water+bottle&sacat=0&_pgn=7&rt=nc with user-agent Mozilla/5.0 (Windows NT 10.0; Win64; x64) AppleWebKit/537.36 (KHTML, like Gecko) Chrome/58.0.3029.110 Safari/537.36 OPR/45.0.2552.888
2023-05-02 12:17:42,586 INFO: Waiting for 0.9633174008007832 seconds.
2023-05-02 12:17:43,555 INFO: Scrapping https://ebay.com/sch/i.html?_from=R40&_nkw=water+bottle&sacat=0&_pgn=8&rt=nc for "water+bottle" with target price of $3000.0
2023-05-02 12:17:43,555 INFO: Made request to https://ebay.com/sch/i.html?_from=R40&_nkw=water+bottle&sacat=0&_pgn=8&rt=nc with user-agent Mozilla/5.0 (Windows NT 10.0; Win64; x64) AppleWebKit/537.36 (KHTML, like Gecko) Chrome/58.0.3029.110 Safari/537.36 Edge/B08C390E
2023-05-02 12:17:45,954 INFO: Waiting for 0.8028037224481674 seconds.
2023-05-02 12:17:46,760 INFO: Scrapping https://ebay.com/sch/i.html?_from=R40&_nkw=water+bottle&sacat=0&_pgn=9&rt=nc for "water+bottle" with target price of $3000.0
2023-05-02 12:17:46,760 INFO: Made request to https://ebay.com/sch/i.html?_from=R40&_nkw=water+bottle&sacat=0&_pgn=9&rt=nc with user-agent Mozilla/5.0 (Windows NT 10.0; Win64; x64) AppleWebKit/537.36 (KHTML, like Gecko) Chrome/58.0.3029.110 Safari/537.36 ArcBrower/42.0.2311.135
2023-05-02 12:17:48,948 INFO: Waiting for 0.9812152342479328 seconds.
2023-05-02 12:17:49,930 INFO: Scrapping https://ebay.com/sch/i.html?_from=R40&_nkw=water+bottle&sacat=0&_pgn=10&rt=nc for "water+bottle" with target price of $3000.0
2023-05-02 12:17:49,932 INFO: Made request to https://ebay.com/sch/i.html?_from=R40&_nkw=water+bottle&sacat=0&_pgn=10&rt=nc with user-agent Mozilla/5.0 (Windows NT 6.1; WOW64; Trident/7.0; AS; rv:11.0) like Gecko
2023-05-02 12:17:52,728 INFO: Dumped data to CSV.
2023-05-02 12:17:52,728 INFO: Scrapping for https://ebay.com done.
2023-05-02 12:17:52,728 INFO: Done Scrapping.
2023-05-02 12:17:53,474 INFO: Starting web scraping job.
2023-05-02 12:17:53,474 INFO: Scrapping https://ebay.com/sch/i.html?_from=R40&_trksid=p2380057.m570.l1313&_nkw=water+bottle&sacat=0&pgn=1&rt=nc for "water+bottle" with target price of $3000.0
2023-05-02 12:17:53,474 INFO: Made request to https://ebay.com/sch/i.html?_from=R40&_trksid=p2380057.m570.l1313&_nkw=water+bottle&sacat=0&pgn=1&rt=nc with user-agent Mozilla/5.0 (Windows NT 10.0; Win64; x64) AppleWebKit/537.36 (KHTML, like Gecko) Chrome/58.0.3029.110 Safari/537.36 Vivaldi/1.8.770.56
2023-05-02 12:17:55,656 INFO: Waiting for 1.9942496383709936 seconds.
2023-05-02 12:17:57,657 INFO: Scrapping https://ebay.com/sch/i.html?_from=R40&_nkw=water+bottle&sacat=0&_pgn=2&rt=nc for "water+bottle" with target price of $3000.0
2023-05-02 12:17:57,657 INFO: Made request to https://ebay.com/sch/i.html?_from=R40&_nkw=water+bottle&sacat=0&_pgn=2&rt=nc with user-agent Mozilla/5.0 (Windows NT 10.0; Win64; x64) AppleWebKit/537.36 (KHTML, like Gecko) Chrome/58.0.3029.110 Safari/537.36 OPR/45.0.2552.898
2023-05-02 12:17:59,629 INFO: Waiting for 1.5415534752106752 seconds.
2023-05-02 12:18:01,176 INFO: Scrapping https://ebay.com/sch/i.html?_from=R40&_nkw=water+bottle&sacat=0&_pgn=3&rt=nc for "water+bottle" with target price of $3000.0
2023-05-02 12:18:01,177 INFO: Made request to https://ebay.com/sch/i.html?_from=R40&_nkw=water+bottle&sacat=0&_pgn=3&rt=nc with user-agent Mozilla/5.0 (Windows NT 10.0; Win64; x64) AppleWebKit/537.36 (KHTML, like Gecko) Chrome/58.0.3029.110 Safari/537.36 Edge/B08C390E
2023-05-02 12:18:03,969 INFO: Waiting for 1.8098020635628533 seconds.
2023-05-02 12:18:05,784 INFO: Scrapping https://ebay.com/sch/i.html?_from=R40&_nkw=water+bottle&sacat=0&_pgn=4&rt=nc for "water+bottle" with target price of $3000.0
2023-05-02 12:18:05,785 INFO: Made request to https://ebay.com/sch/i.html?_from=R40&_nkw=water+bottle&sacat=0&_pgn=4&rt=nc with user-agent Mozilla/5.0 (Windows NT 10.0; Win64; x64) AppleWebKit/537.36 (KHTML, like Gecko) Chrome/58.0.3029.110 Safari/537.36 OPR/45.0.2552.888
2023-05-02 12:18:07,932 INFO: Waiting for 1.6103703778805118 seconds.
2023-05-02 12:18:09,548 INFO: Scrapping https://ebay.com/sch/i.html?_from=R40&_nkw=water+bottle&sacat=0&_pgn=5&rt=nc for "water+bottle" with target price of $3000.0
2023-05-02 12:18:09,548 INFO: Made request to https://ebay.com/sch/i.html?_from=R40&_nkw=water+bottle&sacat=0&_pgn=5&rt=nc with user-agent Mozilla/5.0 (Windows NT 10.0; Win64; x64) AppleWebKit/537.36 (KHTML, like Gecko) Chrome/58.0.3029.110 Safari/537.36 Edge/B08C390E
2023-05-02 12:18:11,712 INFO: Waiting for 0.9077669336880722 seconds.
2023-05-02 12:18:12,625 INFO: Scrapping https://ebay.com/sch/i.html?_from=R40&_nkw=water+bottle&sacat=0&_pgn=6&rt=nc for "water+bottle" with target price of $3000.0
2023-05-02 12:18:12,625 INFO: Made request to https://ebay.com/sch/i.html?_from=R40&_nkw=water+bottle&sacat=0&_pgn=6&rt=nc with user-agent Mozilla/5.0 (Windows NT 6.1; Win64; x64; Trident/7.0; AS; rv:11.0) like Gecko
2023-05-02 12:18:14,838 INFO: Waiting for 1.6188649443101646 seconds.
2023-05-02 12:18:16,462 INFO: Scrapping https://ebay.com/sch/i.html?_from=R40&_nkw=water+bottle&sacat=0&_pgn=7&rt=nc for "water+bottle" with target price of $3000.0
2023-05-02 12:18:16,462 INFO: Made request to https://ebay.com/sch/i.html?_from=R40&_nkw=water+bottle&sacat=0&_pgn=7&rt=nc with user-agent Mozilla/5.0 (Windows NT 6.1; WOW64; Trident/7.0; AS; rv:11.0) like Gecko
2023-05-02 12:18:18,673 INFO: Waiting for 0.5515819619179749 seconds.
2023-05-02 12:18:19,230 INFO: Scrapping https://ebay.com/sch/i.html?_from=R40&_nkw=water+bottle&sacat=0&_pgn=8&rt=nc for "water+bottle" with target price of $3000.0
2023-05-02 12:18:19,230 INFO: Made request to https://ebay.com/sch/i.html?_from=R40&_nkw=water+bottle&sacat=0&_pgn=8&rt=nc with user-agent Mozilla/5.0 (Windows NT 6.1; WOW64; Trident/7.0; AS; rv:11.0) like Gecko
2023-05-02 12:18:22,506 INFO: Waiting for 1.1243021773573274 seconds.
2023-05-02 12:18:23,636 INFO: Scrapping https://ebay.com/sch/i.html?_from=R40&_nkw=water+bottle&sacat=0&_pgn=9&rt=nc for "water+bottle" with target price of $3000.0
2023-05-02 12:18:23,636 INFO: Made request to https://ebay.com/sch/i.html?_from=R40&_nkw=water+bottle&sacat=0&_pgn=9&rt=nc with user-agent Mozilla/5.0 (Windows NT 6.1; Win64; x64; Trident/7.0; AS; rv:11.0) like Gecko
2023-05-02 12:18:25,872 INFO: Waiting for 1.4158688877018535 seconds.
2023-05-02 12:18:27,293 INFO: Scrapping https://ebay.com/sch/i.html?_from=R40&_nkw=water+bottle&sacat=0&_pgn=10&rt=nc for "water+bottle" with target price of $3000.0
2023-05-02 12:18:27,294 INFO: Made request to https://ebay.com/sch/i.html?_from=R40&_nkw=water+bottle&sacat=0&_pgn=10&rt=nc with user-agent Mozilla/5.0 (Windows NT 10.0; Win64; x64) AppleWebKit/537.36 (KHTML, like Gecko) Chrome/58.0.3029.110 Safari/537.36 Edge/B08C390E
2023-05-02 12:18:29,642 INFO: Dumped data to CSV.
2023-05-02 12:18:29,642 INFO: Scrapping for https://ebay.com done.
2023-05-02 12:18:29,642 INFO: Done Scrapping.
2023-05-02 12:18:30,331 INFO: Starting web scraping job.
2023-05-02 12:18:30,331 INFO: Scrapping https://ebay.com/sch/i.html?_from=R40&_trksid=p2380057.m570.l1313&_nkw=water+bottle&sacat=0&pgn=1&rt=nc for "water+bottle" with target price of $3000.0
2023-05-02 12:18:30,331 INFO: Made request to https://ebay.com/sch/i.html?_from=R40&_trksid=p2380057.m570.l1313&_nkw=water+bottle&sacat=0&pgn=1&rt=nc with user-agent Mozilla/5.0 (Windows NT 10.0; Win64; x64) AppleWebKit/537.36 (KHTML, like Gecko) Chrome/58.0.3029.81 Safari/537.36
2023-05-02 12:18:32,537 INFO: Waiting for 0.7233357174892876 seconds.
2023-05-02 12:18:33,266 INFO: Scrapping https://ebay.com/sch/i.html?_from=R40&_nkw=water+bottle&sacat=0&_pgn=2&rt=nc for "water+bottle" with target price of $3000.0
2023-05-02 12:18:33,266 INFO: Made request to https://ebay.com/sch/i.html?_from=R40&_nkw=water+bottle&sacat=0&_pgn=2&rt=nc with user-agent Mozilla/5.0 (Windows NT 10.0; Win64; x64) AppleWebKit/537.36 (KHTML, like Gecko) Chrome/58.0.3029.110 Safari/537.36 Whale/0.7.14.16
2023-05-02 12:18:35,640 INFO: Waiting for 1.775097090383121 seconds.
2023-05-02 12:18:37,417 INFO: Scrapping https://ebay.com/sch/i.html?_from=R40&_nkw=water+bottle&sacat=0&_pgn=3&rt=nc for "water+bottle" with target price of $3000.0
2023-05-02 12:18:37,418 INFO: Made request to https://ebay.com/sch/i.html?_from=R40&_nkw=water+bottle&sacat=0&_pgn=3&rt=nc with user-agent Mozilla/5.0 (Windows NT 10.0; Win64; x64; Trident/7.0; AS; rv:11.0) like Gecko
2023-05-02 12:18:39,541 INFO: Waiting for 0.6119670899657841 seconds.
2023-05-02 12:18:40,157 INFO: Scrapping https://ebay.com/sch/i.html?_from=R40&_nkw=water+bottle&sacat=0&_pgn=4&rt=nc for "water+bottle" with target price of $3000.0
2023-05-02 12:18:40,157 INFO: Made request to https://ebay.com/sch/i.html?_from=R40&_nkw=water+bottle&sacat=0&_pgn=4&rt=nc with user-agent Mozilla/5.0 (Windows NT 6.1; WOW64; Trident/7.0; AS; rv:11.0) like Gecko
2023-05-02 12:18:42,517 INFO: Waiting for 0.7429362217884482 seconds.
2023-05-02 12:18:43,266 INFO: Scrapping https://ebay.com/sch/i.html?_from=R40&_nkw=water+bottle&sacat=0&_pgn=5&rt=nc for "water+bottle" with target price of $3000.0
2023-05-02 12:18:43,266 INFO: Made request to https://ebay.com/sch/i.html?_from=R40&_nkw=water+bottle&sacat=0&_pgn=5&rt=nc with user-agent Mozilla/5.0 (Windows NT 6.1; WOW64; Trident/7.0; AS; rv:11.0) like Gecko
2023-05-02 12:18:45,729 INFO: Waiting for 0.8595954329403589 seconds.
2023-05-02 12:18:46,594 INFO: Scrapping https://ebay.com/sch/i.html?_from=R40&_nkw=water+bottle&sacat=0&_pgn=6&rt=nc for "water+bottle" with target price of $3000.0
2023-05-02 12:18:46,596 INFO: Made request to https://ebay.com/sch/i.html?_from=R40&_nkw=water+bottle&sacat=0&_pgn=6&rt=nc with user-agent Mozilla/5.0 (Windows NT 6.1; WOW64; Trident/7.0; AS; rv:11.0) like Gecko
2023-05-02 12:18:49,027 INFO: Waiting for 1.1793094971513642 seconds.
2023-05-02 12:18:50,212 INFO: Scrapping https://ebay.com/sch/i.html?_from=R40&_nkw=water+bottle&sacat=0&_pgn=7&rt=nc for "water+bottle" with target price of $3000.0
2023-05-02 12:18:50,212 INFO: Made request to https://ebay.com/sch/i.html?_from=R40&_nkw=water+bottle&sacat=0&_pgn=7&rt=nc with user-agent Mozilla/5.0 (Windows NT 6.1; WOW64; Trident/7.0; AS; rv:11.0) like Gecko
2023-05-02 12:18:52,950 INFO: Waiting for 0.7412099434434685 seconds.
2023-05-02 12:18:53,696 INFO: Scrapping https://ebay.com/sch/i.html?_from=R40&_nkw=water+bottle&sacat=0&_pgn=8&rt=nc for "water+bottle" with target price of $3000.0
2023-05-02 12:18:53,697 INFO: Made request to https://ebay.com/sch/i.html?_from=R40&_nkw=water+bottle&sacat=0&_pgn=8&rt=nc with user-agent Mozilla/5.0 (Windows NT 6.1; WOW64) AppleWebKit/537.36 (KHTML, like Gecko) Chrome/58.0.3029.110 Safari/537.36
2023-05-02 12:18:56,283 INFO: Waiting for 1.1285340360323304 seconds.
2023-05-02 12:18:57,417 INFO: Scrapping https://ebay.com/sch/i.html?_from=R40&_nkw=water+bottle&sacat=0&_pgn=9&rt=nc for "water+bottle" with target price of $3000.0
2023-05-02 12:18:57,417 INFO: Made request to https://ebay.com/sch/i.html?_from=R40&_nkw=water+bottle&sacat=0&_pgn=9&rt=nc with user-agent Mozilla/5.0 (Windows NT 10.0; Win64; x64) AppleWebKit/537.36 (KHTML, like Gecko) Chrome/58.0.3029.110 Safari/537.36 OPR/45.0.2552.888
2023-05-02 12:18:59,578 INFO: Waiting for 0.7521054734175584 seconds.
2023-05-02 12:19:00,333 INFO: Scrapping https://ebay.com/sch/i.html?_from=R40&_nkw=water+bottle&sacat=0&_pgn=10&rt=nc for "water+bottle" with target price of $3000.0
2023-05-02 12:19:00,333 INFO: Made request to https://ebay.com/sch/i.html?_from=R40&_nkw=water+bottle&sacat=0&_pgn=10&rt=nc with user-agent Mozilla/5.0 (Windows NT 10.0; WOW64; Trident/7.0; AS; rv:11.0) like Gecko
2023-05-02 12:19:02,683 INFO: Dumped data to CSV.
2023-05-02 12:19:02,683 INFO: Scrapping for https://ebay.com done.
2023-05-02 12:19:02,683 INFO: Done Scrapping.
